LOG 12-08-16 14:31:57 拉取消息.
LOG 12-08-16 14:32:47 拉取消息.
LOG 12-08-16 14:33:37 拉取消息.
LOG 12-08-16 14:33:49 机器名是：eqq
LOG 12-08-16 14:33:49 初始化.
LOG 12-08-16 14:33:49 检测代理情况.
LOG 12-08-16 14:33:49 未启动代理.
LOG 12-08-16 14:33:49 登陆检查.
LOG 12-08-16 14:34:00 准备登陆.
LOG 12-08-16 14:34:55 机器名是：eqq
LOG 12-08-16 14:34:55 初始化.
LOG 12-08-16 14:34:55 检测代理情况.
LOG 12-08-16 14:34:55 未启动代理.
LOG 12-08-16 14:34:55 登陆检查.
LOG 12-08-16 14:35:06 准备登陆.
LOG 12-08-16 14:35:20 机器名是：eqq
LOG 12-08-16 14:35:20 初始化.
LOG 12-08-16 14:35:20 检测代理情况.
LOG 12-08-16 14:35:20 启动代理.
LOG 12-08-16 14:35:20 登陆检查.
LOG 12-08-16 14:35:20 不需要验证码.
LOG 12-08-16 14:35:20 准备登陆.
LOG 12-08-16 14:35:20 开始登陆.
LOG 12-08-16 14:35:20 登陆成功.
LOG 12-08-16 14:35:20 获取好友信息.
LOG 12-08-16 14:35:21 获取好友列表.
LOG 12-08-16 14:35:21 获取分组信息.
LOG 12-08-16 14:35:21 获取在线好友.
LOG 12-08-16 14:35:21 getDiscuzListNew
LOG 12-08-16 14:35:21 getMessageTip
LOG 12-08-16 14:35:42 机器名是：eqq
LOG 12-08-16 14:35:42 初始化.
LOG 12-08-16 14:35:42 检测代理情况.
LOG 12-08-16 14:35:42 启动代理.
LOG 12-08-16 14:35:42 登陆检查.
LOG 12-08-16 14:35:47 不需要验证码.
LOG 12-08-16 14:35:47 准备登陆.
LOG 12-08-16 14:35:48 开始登陆.
LOG 12-08-16 14:35:48 登陆成功.
LOG 12-08-16 14:35:48 获取好友信息.
LOG 12-08-16 14:35:51 获取好友列表.
LOG 12-08-16 14:35:51 获取分组信息.
LOG 12-08-16 14:35:51 获取在线好友.
LOG 12-08-16 14:35:51 getDiscuzListNew
LOG 12-08-16 14:35:54 getMessageTip
LOG 12-08-16 14:35:54 拉取消息.
LOG 12-08-16 14:36:54 拉取消息.
LOG 12-08-16 14:37:28 注销.
LOG 12-08-16 14:38:14 机器名是：eqq
LOG 12-08-16 14:38:14 初始化.
LOG 12-08-16 14:38:14 检测代理情况.
LOG 12-08-16 14:38:14 启动代理.
LOG 12-08-16 14:38:14 登陆检查.
LOG 12-08-16 14:38:14 不需要验证码.
LOG 12-08-16 14:38:14 准备登陆.
LOG 12-08-16 14:38:14 开始登陆.
LOG 12-08-16 14:38:14 登陆成功.
LOG 12-08-16 14:38:14 获取好友信息.
LOG 12-08-16 14:38:14 获取好友列表.
LOG 12-08-16 14:38:14 获取分组信息.
LOG 12-08-16 14:38:14 获取在线好友.
LOG 12-08-16 14:38:14 getDiscuzListNew
LOG 12-08-16 14:38:14 getMessageTip
LOG 12-08-16 14:38:14 拉取消息.
LOG 12-08-16 14:38:52 拉取消息.
LOG 12-08-16 14:39:52 拉取消息.
LOG 12-08-16 14:40:52 拉取消息.
LOG 12-08-16 14:41:52 拉取消息.
LOG 12-08-16 14:42:52 拉取消息.
LOG 12-08-16 14:43:46 send group msg
LOG 12-08-16 14:43:46 send group msg
LOG 12-08-16 14:43:52 拉取消息.
LOG 12-08-16 14:43:52 getMessageTip
LOG 12-08-16 14:43:53 send_buddy_msg
LOG 12-08-16 14:43:53 send group msg
LOG 12-08-16 14:43:56 send_buddy_msg
LOG 12-08-16 14:43:56 send group msg
LOG 12-08-16 14:44:52 拉取消息.
LOG 12-08-16 14:45:52 拉取消息.
LOG 12-08-16 14:46:52 拉取消息.
LOG 12-08-16 14:47:00 拉取消息.
LOG 12-08-16 14:47:33 拉取消息.
LOG 12-08-16 14:48:33 拉取消息.
LOG 12-08-16 14:49:33 拉取消息.
LOG 12-08-16 14:50:33 拉取消息.
LOG 12-08-16 14:51:33 拉取消息.
LOG 12-08-16 14:52:33 拉取消息.
LOG 12-08-16 14:54:21 机器名是：eqq
LOG 12-08-16 14:54:21 初始化.
LOG 12-08-16 14:54:21 检测代理情况.
LOG 12-08-16 14:54:21 启动代理.
LOG 12-08-16 14:54:21 登陆检查.
LOG 12-08-16 14:54:21 不需要验证码.
LOG 12-08-16 14:54:21 准备登陆.
LOG 12-08-16 14:54:22 开始登陆.
LOG 12-08-16 14:54:22 登陆成功.
LOG 12-08-16 14:54:22 获取好友信息.
LOG 12-08-16 14:54:23 获取好友列表.
LOG 12-08-16 14:54:23 获取分组信息.
LOG 12-08-16 14:54:23 获取在线好友.
LOG 12-08-16 14:54:23 getDiscuzListNew
LOG 12-08-16 14:54:23 getMessageTip
LOG 12-08-16 14:56:07 机器名是：eqq
LOG 12-08-16 14:56:07 初始化.
LOG 12-08-16 14:56:07 检测代理情况.
LOG 12-08-16 14:56:07 启动代理.
LOG 12-08-16 14:56:07 登陆检查.
LOG 12-08-16 14:56:07 不需要验证码.
LOG 12-08-16 14:56:07 准备登陆.
LOG 12-08-16 14:56:07 开始登陆.
LOG 12-08-16 14:56:07 登陆成功.
LOG 12-08-16 14:56:07 获取好友信息.
LOG 12-08-16 14:56:07 获取好友列表.
LOG 12-08-16 14:56:07 获取分组信息.
LOG 12-08-16 14:56:07 获取在线好友.
LOG 12-08-16 14:56:07 getDiscuzListNew
LOG 12-08-16 14:56:08 getMessageTip
LOG 12-08-16 14:56:08 拉取消息.
LOG 12-08-16 14:57:08 拉取消息.
LOG 12-08-16 14:57:11 拉取消息.
LOG 12-08-16 14:58:11 拉取消息.
LOG 12-08-16 14:59:11 拉取消息.
LOG 12-08-16 15:00:11 拉取消息.
LOG 12-08-16 15:01:11 拉取消息.
LOG 12-08-16 15:02:11 拉取消息.
LOG 12-08-16 15:03:11 拉取消息.
LOG 12-08-16 15:04:11 拉取消息.
LOG 12-08-16 15:05:13 拉取消息.
LOG 12-08-16 15:06:13 拉取消息.
LOG 12-08-16 15:07:14 拉取消息.
LOG 12-08-16 15:08:14 拉取消息.
LOG 12-08-16 15:09:14 拉取消息.
LOG 12-08-16 15:10:14 拉取消息.
LOG 12-08-16 15:11:14 拉取消息.
LOG 12-08-16 15:12:14 拉取消息.
LOG 12-08-16 15:13:14 拉取消息.
LOG 12-08-16 15:14:14 拉取消息.
LOG 12-08-16 15:15:14 拉取消息.
LOG 12-08-16 15:16:14 拉取消息.
LOG 12-08-16 15:16:14 拉取消息.
LOG 12-08-16 15:17:14 拉取消息.
LOG 12-08-16 15:18:14 拉取消息.
LOG 12-08-16 15:19:06 拉取消息.
LOG 12-08-16 15:20:06 拉取消息.
LOG 12-08-16 15:20:18 拉取消息.
LOG 12-08-16 15:20:54 拉取消息.
LOG 12-08-16 15:21:23 拉取消息.
LOG 12-08-16 15:21:34 拉取消息.
LOG 12-08-16 15:22:34 拉取消息.
LOG 12-08-16 15:23:34 拉取消息.
LOG 12-08-16 15:24:34 拉取消息.
LOG 12-08-16 15:25:34 拉取消息.
LOG 12-08-16 15:26:34 拉取消息.
LOG 12-08-16 15:26:48 拉取消息.
LOG 12-08-16 15:27:48 拉取消息.
LOG 12-08-16 15:28:48 拉取消息.
LOG 12-08-16 15:28:59 拉取消息.
LOG 12-08-16 15:29:59 拉取消息.
LOG 12-08-16 15:30:59 拉取消息.
LOG 12-08-16 15:31:18 拉取消息.
LOG 12-08-16 15:31:19 拉取消息.
LOG 12-08-16 15:32:19 拉取消息.
LOG 12-08-16 15:33:19 拉取消息.
LOG 12-08-16 15:34:19 拉取消息.
LOG 12-08-16 15:35:20 拉取消息.
LOG 12-08-16 15:36:20 拉取消息.
LOG 12-08-16 15:36:25 拉取消息.
LOG 12-08-16 15:37:25 拉取消息.
LOG 12-08-16 15:38:25 拉取消息.
LOG 12-08-16 15:39:25 拉取消息.
LOG 12-08-16 15:40:25 拉取消息.
LOG 12-08-16 15:41:28 拉取消息.
LOG 12-08-16 15:42:28 拉取消息.
LOG 12-08-16 15:42:48 拉取消息.
LOG 12-08-16 15:42:48 拉取消息.
LOG 12-08-16 15:43:48 拉取消息.
LOG 12-08-16 15:44:48 拉取消息.
LOG 12-08-16 15:45:48 拉取消息.
LOG 12-08-16 15:46:48 拉取消息.
LOG 12-08-16 15:47:48 拉取消息.
LOG 12-08-16 15:48:48 拉取消息.
LOG 12-08-16 15:49:48 拉取消息.
LOG 12-08-16 15:50:48 拉取消息.
LOG 12-08-16 15:51:48 拉取消息.
LOG 12-08-16 15:52:48 拉取消息.
LOG 12-08-16 15:53:48 拉取消息.
LOG 12-08-16 15:54:48 拉取消息.
LOG 12-08-16 15:55:48 拉取消息.
LOG 12-08-16 15:56:48 拉取消息.
LOG 12-08-16 15:56:49 拉取消息.
LOG 12-08-16 15:57:49 拉取消息.
LOG 12-08-16 15:58:49 拉取消息.
LOG 12-08-16 15:59:49 拉取消息.
LOG 12-08-16 16:00:16 拉取消息.
LOG 12-08-16 16:00:23 拉取消息.
LOG 12-08-16 16:01:23 拉取消息.
LOG 12-08-16 16:02:23 拉取消息.
LOG 12-08-16 16:03:23 拉取消息.
LOG 12-08-16 16:04:24 拉取消息.
LOG 12-08-16 16:05:25 拉取消息.
LOG 12-08-16 16:06:25 拉取消息.
LOG 12-08-16 16:07:25 拉取消息.
LOG 12-08-16 16:08:25 拉取消息.
LOG 12-08-16 16:09:25 拉取消息.
LOG 12-08-16 16:10:25 拉取消息.
LOG 12-08-16 16:11:25 拉取消息.
LOG 12-08-16 16:12:25 拉取消息.
LOG 12-08-16 16:13:25 拉取消息.
LOG 12-08-16 16:14:26 拉取消息.
LOG 12-08-16 16:15:26 拉取消息.
LOG 12-08-16 16:16:26 拉取消息.
LOG 12-08-16 16:17:26 拉取消息.
LOG 12-08-16 16:17:26 拉取消息.
LOG 12-08-16 16:18:26 拉取消息.
LOG 12-08-16 16:19:26 拉取消息.
LOG 12-08-16 16:20:26 拉取消息.
LOG 12-08-16 16:21:26 拉取消息.
LOG 12-08-16 16:22:27 拉取消息.
LOG 12-08-16 16:23:27 拉取消息.
LOG 12-08-16 16:24:27 拉取消息.
LOG 12-08-16 16:25:27 拉取消息.
LOG 12-08-16 16:26:27 拉取消息.
LOG 12-08-16 16:27:27 拉取消息.
LOG 12-08-16 16:28:27 拉取消息.
LOG 12-08-16 16:29:27 拉取消息.
LOG 12-08-16 16:30:27 拉取消息.
LOG 12-08-16 16:31:27 拉取消息.
LOG 12-08-16 16:32:27 拉取消息.
LOG 12-08-16 16:33:27 拉取消息.
LOG 12-08-16 16:34:27 拉取消息.
LOG 12-08-16 16:35:27 拉取消息.
LOG 12-08-16 16:36:27 拉取消息.
LOG 12-08-16 16:37:27 拉取消息.
LOG 12-08-16 16:37:28 拉取消息.
LOG 12-08-16 16:38:28 拉取消息.
LOG 12-08-16 16:39:28 拉取消息.
LOG 12-08-16 16:40:28 拉取消息.
LOG 12-08-16 16:41:28 拉取消息.
LOG 12-08-16 16:42:28 拉取消息.
LOG 12-08-16 16:43:28 拉取消息.
LOG 12-08-16 16:44:28 拉取消息.
LOG 12-08-16 16:45:28 拉取消息.
LOG 12-08-16 16:46:28 拉取消息.
LOG 12-08-16 16:47:28 拉取消息.
LOG 12-08-16 16:48:28 拉取消息.
LOG 12-08-16 16:49:28 拉取消息.
LOG 12-08-16 16:50:24 拉取消息.
LOG 12-08-16 16:51:24 拉取消息.
LOG 12-08-16 16:52:26 拉取消息.
LOG 12-08-16 16:53:26 拉取消息.
LOG 12-08-16 16:54:26 拉取消息.
LOG 12-08-16 16:55:26 拉取消息.
LOG 12-08-16 16:56:27 拉取消息.
LOG 12-08-16 16:57:27 拉取消息.
LOG 12-08-16 16:58:27 拉取消息.
LOG 12-08-16 16:58:27 拉取消息.
LOG 12-08-16 16:59:27 拉取消息.
LOG 12-08-16 17:00:27 拉取消息.
LOG 12-08-16 17:01:28 拉取消息.
LOG 12-08-16 17:02:28 拉取消息.
LOG 12-08-16 17:03:28 拉取消息.
LOG 12-08-16 17:04:28 拉取消息.
LOG 12-08-16 17:05:28 拉取消息.
LOG 12-08-16 17:06:28 拉取消息.
LOG 12-08-16 17:07:31 拉取消息.
LOG 12-08-16 17:08:34 拉取消息.
LOG 12-08-16 17:09:35 拉取消息.
LOG 12-08-16 17:10:36 拉取消息.
LOG 12-08-16 17:11:39 拉取消息.
LOG 12-08-16 17:12:40 拉取消息.
LOG 12-08-16 17:15:09 机器名是：eqq
LOG 12-08-16 17:15:09 初始化.
LOG 12-08-16 17:15:09 检测代理情况.
LOG 12-08-16 17:15:09 启动代理.
LOG 12-08-16 17:15:09 登陆检查.
LOG 12-08-16 17:15:10 不需要验证码.
LOG 12-08-16 17:15:10 准备登陆.
LOG 12-08-16 17:15:11 开始登陆.
LOG 12-08-16 17:15:11 登陆成功.
LOG 12-08-16 17:15:11 获取好友信息.
LOG 12-08-16 17:15:11 获取好友列表.
LOG 12-08-16 17:15:11 获取分组信息.
LOG 12-08-16 17:15:11 获取在线好友.
LOG 12-08-16 17:15:11 getDiscuzListNew
LOG 12-08-16 17:15:15 getMessageTip
LOG 12-08-16 17:15:15 拉取消息.
LOG 12-08-16 17:16:15 拉取消息.
LOG 12-08-16 17:17:15 拉取消息.
LOG 12-08-16 17:19:15 机器名是：eqq
LOG 12-08-16 17:19:15 初始化.
LOG 12-08-16 17:19:15 检测代理情况.
LOG 12-08-16 17:19:15 启动代理.
LOG 12-08-16 17:19:15 登陆检查.
LOG 12-08-16 17:19:15 不需要验证码.
LOG 12-08-16 17:19:15 准备登陆.
LOG 12-08-16 17:19:15 开始登陆.
LOG 12-08-16 17:19:15 登陆成功.
LOG 12-08-16 17:19:15 获取好友信息.
LOG 12-08-16 17:19:15 获取好友列表.
LOG 12-08-16 17:19:15 获取分组信息.
LOG 12-08-16 17:19:15 获取在线好友.
LOG 12-08-16 17:19:15 getDiscuzListNew
LOG 12-08-16 17:19:16 getMessageTip
LOG 12-08-16 17:19:17 拉取消息.
LOG 12-08-16 17:19:34 拉取消息.
LOG 12-08-16 17:19:46 注销.
LOG 12-08-16 17:19:58 机器名是：eqqqq
LOG 12-08-16 17:19:58 初始化.
LOG 12-08-16 17:19:58 检测代理情况.
LOG 12-08-16 17:19:58 启动代理.
LOG 12-08-16 17:19:58 登陆检查.
LOG 12-08-16 17:19:59 不需要验证码.
LOG 12-08-16 17:19:59 准备登陆.
LOG 12-08-16 17:20:00 开始登陆.
LOG 12-08-16 17:20:00 登陆成功.
LOG 12-08-16 17:20:00 获取好友信息.
LOG 12-08-16 17:20:00 获取好友列表.
LOG 12-08-16 17:20:03 获取分组信息.
LOG 12-08-16 17:20:03 获取在线好友.
LOG 12-08-16 17:20:03 getDiscuzListNew
LOG 12-08-16 17:20:03 getMessageTip
LOG 12-08-16 17:20:03 拉取消息.
LOG 12-08-16 17:20:03 拉取消息.
LOG 12-08-16 17:20:04 拉取消息.
LOG 12-08-16 17:20:04 拉取消息.
LOG 12-08-16 17:20:05 拉取消息.
LOG 12-08-16 17:20:06 拉取消息.
LOG 12-08-16 17:20:06 拉取消息.
LOG 12-08-16 17:20:08 拉取消息.
LOG 12-08-16 17:20:10 拉取消息.
LOG 12-08-16 17:21:04 拉取消息.
LOG 12-08-16 17:21:05 拉取消息.
LOG 12-08-16 17:21:07 拉取消息.
LOG 12-08-16 17:21:07 拉取消息.
LOG 12-08-16 17:21:10 拉取消息.
LOG 12-08-16 17:21:13 拉取消息.
LOG 12-08-16 17:21:15 拉取消息.
LOG 12-08-16 17:21:19 拉取消息.
LOG 12-08-16 17:22:15 拉取消息.
LOG 12-08-16 17:22:50 拉取消息.
LOG 12-08-16 17:23:50 拉取消息.
LOG 12-08-16 17:24:53 拉取消息.
LOG 12-08-16 17:25:53 拉取消息.
LOG 12-08-16 17:26:55 拉取消息.
LOG 12-08-16 17:27:55 拉取消息.
LOG 12-08-16 17:28:55 拉取消息.
LOG 12-08-16 17:29:55 拉取消息.
LOG 12-08-16 17:30:55 拉取消息.
LOG 12-08-16 17:31:00 拉取消息.
LOG 12-08-16 17:32:00 拉取消息.
LOG 12-08-16 17:33:00 拉取消息.
LOG 12-08-16 17:33:51 拉取消息.
LOG 12-08-16 17:34:51 拉取消息.
LOG 12-08-16 17:35:51 拉取消息.
LOG 12-08-16 17:36:51 拉取消息.
LOG 12-08-16 17:37:51 拉取消息.
LOG 12-08-16 17:38:51 拉取消息.
LOG 12-08-16 17:39:51 拉取消息.
LOG 12-08-16 17:40:52 拉取消息.
LOG 12-08-16 17:40:53 拉取消息.
LOG 12-08-16 17:41:53 拉取消息.
LOG 12-08-16 17:42:53 拉取消息.
LOG 12-08-16 17:43:53 拉取消息.
LOG 12-08-16 17:44:53 拉取消息.
LOG 12-08-16 17:45:54 拉取消息.
LOG 12-08-16 17:46:54 拉取消息.
LOG 12-08-16 17:47:48 拉取消息.
LOG 12-08-16 17:48:10 拉取消息.
LOG 12-08-16 17:49:10 拉取消息.
LOG 12-08-16 17:50:10 拉取消息.
LOG 12-08-16 17:51:10 拉取消息.
LOG 12-08-16 17:52:11 拉取消息.
LOG 12-08-16 17:53:11 拉取消息.
LOG 12-08-16 17:54:12 拉取消息.
LOG 12-08-16 17:55:12 拉取消息.
LOG 12-08-16 17:56:13 拉取消息.
LOG 12-08-16 17:56:16 拉取消息.
LOG 12-08-16 17:57:16 拉取消息.
LOG 12-08-16 17:58:16 拉取消息.
LOG 12-08-16 17:59:16 拉取消息.
LOG 12-08-16 18:00:16 拉取消息.
LOG 12-08-16 18:01:10 拉取消息.
LOG 12-08-16 18:01:10 拉取消息.
LOG 12-08-16 18:01:13 拉取消息.
LOG 12-08-16 18:01:47 拉取消息.
LOG 12-08-16 18:01:51 拉取消息.
LOG 12-08-16 18:01:51 拉取消息.
LOG 12-08-16 18:02:54 拉取消息.
LOG 12-08-16 18:03:55 拉取消息.
LOG 12-08-16 18:04:27 拉取消息.
LOG 12-08-16 18:05:27 拉取消息.
LOG 12-08-16 18:05:48 拉取消息.
LOG 12-08-16 18:06:48 拉取消息.
LOG 12-08-16 18:07:50 拉取消息.
LOG 12-08-16 18:08:50 拉取消息.
LOG 12-08-16 18:09:30 注销.
