DEBUG 12-08-16 14:31:57 消息解析异常.null
DEBUG 12-08-16 14:32:47 消息解析异常.null
DEBUG 12-08-16 14:33:37 消息解析异常.null
WARN 12-08-16 14:34:00 没找到匹配验证码.
DEBUG 12-08-16 14:34:00 verifycode=null p=null
DEBUG 12-08-16 14:34:00 登陆异常.null
WARN 12-08-16 14:35:06 没找到匹配验证码.
DEBUG 12-08-16 14:35:06 verifycode=null p=null
DEBUG 12-08-16 14:35:06 登陆异常.null
DEBUG 12-08-16 14:38:14 verifycode=!HD8 p=457816766C35852DC0C5010AB9A126E8
DEBUG 12-08-16 14:39:52 消息解析异常.null
DEBUG 12-08-16 14:40:52 消息解析异常.null
DEBUG 12-08-16 14:41:52 消息解析异常.null
DEBUG 12-08-16 14:42:52 消息解析异常.null
DEBUG 12-08-16 14:43:52 消息解析异常.null
DEBUG 12-08-16 14:44:52 消息解析异常.null
DEBUG 12-08-16 14:45:52 消息解析异常.null
DEBUG 12-08-16 14:46:52 消息解析异常.null
DEBUG 12-08-16 14:48:33 消息解析异常.null
DEBUG 12-08-16 14:49:33 消息解析异常.null
DEBUG 12-08-16 14:50:33 消息解析异常.null
DEBUG 12-08-16 14:56:07 verifycode=!S5V p=609DBA83AC743C0C64EDA14B847B17FE
DEBUG 12-08-16 14:57:08 消息解析异常.null
DEBUG 12-08-16 14:58:11 消息解析异常.null
DEBUG 12-08-16 14:59:11 消息解析异常.null
DEBUG 12-08-16 15:00:11 消息解析异常.null
DEBUG 12-08-16 15:01:11 消息解析异常.null
DEBUG 12-08-16 15:02:11 消息解析异常.null
DEBUG 12-08-16 15:03:11 消息解析异常.null
DEBUG 12-08-16 15:04:11 消息解析异常.null
DEBUG 12-08-16 15:05:13 消息解析异常.null
DEBUG 12-08-16 15:06:13 消息解析异常.null
DEBUG 12-08-16 15:07:14 消息解析异常.null
DEBUG 12-08-16 15:08:14 消息解析异常.null
DEBUG 12-08-16 15:09:14 消息解析异常.null
DEBUG 12-08-16 15:10:14 消息解析异常.null
DEBUG 12-08-16 15:11:14 消息解析异常.null
DEBUG 12-08-16 15:12:14 消息解析异常.null
DEBUG 12-08-16 15:13:14 消息解析异常.null
DEBUG 12-08-16 15:14:14 消息解析异常.null
DEBUG 12-08-16 15:15:14 消息解析异常.null
DEBUG 12-08-16 15:16:14 消息解析异常.null
DEBUG 12-08-16 15:16:14 消息解析异常.null
DEBUG 12-08-16 15:17:14 消息解析异常.null
DEBUG 12-08-16 15:18:14 消息解析异常.null
DEBUG 12-08-16 15:20:06 消息解析异常.null
DEBUG 12-08-16 15:22:34 消息解析异常.null
DEBUG 12-08-16 15:23:34 消息解析异常.null
DEBUG 12-08-16 15:24:34 消息解析异常.null
DEBUG 12-08-16 15:25:34 消息解析异常.null
DEBUG 12-08-16 15:26:34 消息解析异常.null
DEBUG 12-08-16 15:27:48 消息解析异常.null
DEBUG 12-08-16 15:28:48 消息解析异常.null
DEBUG 12-08-16 15:29:59 消息解析异常.null
DEBUG 12-08-16 15:30:59 消息解析异常.null
DEBUG 12-08-16 15:32:19 消息解析异常.null
DEBUG 12-08-16 15:33:19 消息解析异常.null
DEBUG 12-08-16 15:34:19 消息解析异常.null
DEBUG 12-08-16 15:35:20 消息解析异常.null
DEBUG 12-08-16 15:36:20 消息解析异常.null
DEBUG 12-08-16 15:36:25 消息解析异常.null
DEBUG 12-08-16 15:37:25 消息解析异常.null
DEBUG 12-08-16 15:38:25 消息解析异常.null
DEBUG 12-08-16 15:39:25 消息解析异常.null
DEBUG 12-08-16 15:40:25 消息解析异常.null
DEBUG 12-08-16 15:41:28 消息解析异常.null
DEBUG 12-08-16 15:42:28 消息解析异常.null
DEBUG 12-08-16 15:43:48 消息解析异常.null
DEBUG 12-08-16 15:44:48 消息解析异常.null
DEBUG 12-08-16 15:45:48 消息解析异常.null
DEBUG 12-08-16 15:46:48 消息解析异常.null
DEBUG 12-08-16 15:47:48 消息解析异常.null
DEBUG 12-08-16 15:48:48 消息解析异常.null
DEBUG 12-08-16 15:49:48 消息解析异常.null
DEBUG 12-08-16 15:50:48 消息解析异常.null
DEBUG 12-08-16 15:51:48 消息解析异常.null
DEBUG 12-08-16 15:52:48 消息解析异常.null
DEBUG 12-08-16 15:53:48 消息解析异常.null
DEBUG 12-08-16 15:54:48 消息解析异常.null
DEBUG 12-08-16 15:55:48 消息解析异常.null
DEBUG 12-08-16 15:56:48 消息解析异常.null
DEBUG 12-08-16 15:56:49 消息解析异常.null
DEBUG 12-08-16 15:57:49 消息解析异常.null
DEBUG 12-08-16 15:58:49 消息解析异常.null
DEBUG 12-08-16 15:59:49 消息解析异常.null
DEBUG 12-08-16 16:01:23 消息解析异常.null
DEBUG 12-08-16 16:02:23 消息解析异常.null
DEBUG 12-08-16 16:03:23 消息解析异常.null
DEBUG 12-08-16 16:04:24 消息解析异常.null
DEBUG 12-08-16 16:05:25 消息解析异常.null
DEBUG 12-08-16 16:06:25 消息解析异常.null
DEBUG 12-08-16 16:07:25 消息解析异常.null
DEBUG 12-08-16 16:08:25 消息解析异常.null
DEBUG 12-08-16 16:09:25 消息解析异常.null
DEBUG 12-08-16 16:10:25 消息解析异常.null
DEBUG 12-08-16 16:11:25 消息解析异常.null
DEBUG 12-08-16 16:12:25 消息解析异常.null
DEBUG 12-08-16 16:13:25 消息解析异常.null
DEBUG 12-08-16 16:14:26 消息解析异常.null
DEBUG 12-08-16 16:15:26 消息解析异常.null
DEBUG 12-08-16 16:16:26 消息解析异常.null
DEBUG 12-08-16 16:17:26 消息解析异常.null
DEBUG 12-08-16 16:17:26 消息解析异常.null
DEBUG 12-08-16 16:18:26 消息解析异常.null
DEBUG 12-08-16 16:19:26 消息解析异常.null
DEBUG 12-08-16 16:20:26 消息解析异常.null
DEBUG 12-08-16 16:21:26 消息解析异常.null
DEBUG 12-08-16 16:22:27 消息解析异常.null
DEBUG 12-08-16 16:23:27 消息解析异常.null
DEBUG 12-08-16 16:24:27 消息解析异常.null
DEBUG 12-08-16 16:25:27 消息解析异常.null
DEBUG 12-08-16 16:26:27 消息解析异常.null
DEBUG 12-08-16 16:27:27 消息解析异常.null
DEBUG 12-08-16 16:28:27 消息解析异常.null
DEBUG 12-08-16 16:29:27 消息解析异常.null
DEBUG 12-08-16 16:30:27 消息解析异常.null
DEBUG 12-08-16 16:31:27 消息解析异常.null
DEBUG 12-08-16 16:32:27 消息解析异常.null
DEBUG 12-08-16 16:33:27 消息解析异常.null
DEBUG 12-08-16 16:34:27 消息解析异常.null
DEBUG 12-08-16 16:35:27 消息解析异常.null
DEBUG 12-08-16 16:36:27 消息解析异常.null
DEBUG 12-08-16 16:37:27 消息解析异常.null
DEBUG 12-08-16 16:37:28 消息解析异常.null
DEBUG 12-08-16 16:38:28 消息解析异常.null
DEBUG 12-08-16 16:39:28 消息解析异常.null
DEBUG 12-08-16 16:40:28 消息解析异常.null
DEBUG 12-08-16 16:41:28 消息解析异常.null
DEBUG 12-08-16 16:42:28 消息解析异常.null
DEBUG 12-08-16 16:43:28 消息解析异常.null
DEBUG 12-08-16 16:44:28 消息解析异常.null
DEBUG 12-08-16 16:45:28 消息解析异常.null
DEBUG 12-08-16 16:46:28 消息解析异常.null
DEBUG 12-08-16 16:47:28 消息解析异常.null
DEBUG 12-08-16 16:48:28 消息解析异常.null
DEBUG 12-08-16 16:49:28 消息解析异常.null
DEBUG 12-08-16 16:51:24 消息解析异常.null
DEBUG 12-08-16 16:52:26 消息解析异常.null
DEBUG 12-08-16 16:53:26 消息解析异常.null
DEBUG 12-08-16 16:54:26 消息解析异常.null
DEBUG 12-08-16 16:55:26 消息解析异常.null
DEBUG 12-08-16 16:56:27 消息解析异常.null
DEBUG 12-08-16 16:57:27 消息解析异常.null
DEBUG 12-08-16 16:58:27 消息解析异常.null
DEBUG 12-08-16 16:58:27 消息解析异常.null
DEBUG 12-08-16 16:59:27 消息解析异常.null
DEBUG 12-08-16 17:00:27 消息解析异常.null
DEBUG 12-08-16 17:01:28 消息解析异常.null
DEBUG 12-08-16 17:02:28 消息解析异常.null
DEBUG 12-08-16 17:03:28 消息解析异常.null
DEBUG 12-08-16 17:04:28 消息解析异常.null
DEBUG 12-08-16 17:05:28 消息解析异常.null
DEBUG 12-08-16 17:06:28 消息解析异常.null
DEBUG 12-08-16 17:07:31 消息解析异常.null
DEBUG 12-08-16 17:08:34 消息解析异常.null
DEBUG 12-08-16 17:09:35 消息解析异常.null
DEBUG 12-08-16 17:10:36 消息解析异常.null
DEBUG 12-08-16 17:11:39 消息解析异常.null
DEBUG 12-08-16 17:12:40 消息解析异常.null
DEBUG 12-08-16 17:15:10 verifycode=!J2U p=5E93A006546D957CBF8970F02E48D074
DEBUG 12-08-16 17:16:15 消息解析异常.null
DEBUG 12-08-16 17:17:15 消息解析异常.null
DEBUG 12-08-16 17:20:00 verifycode=!NP3 p=67F8CC8CD6F9A43B403C816EC90721A9
DEBUG 12-08-16 17:23:50 消息解析异常.null
DEBUG 12-08-16 17:24:53 消息解析异常.null
DEBUG 12-08-16 17:25:53 消息解析异常.null
DEBUG 12-08-16 17:26:55 消息解析异常.null
DEBUG 12-08-16 17:27:55 消息解析异常.null
DEBUG 12-08-16 17:28:55 消息解析异常.null
DEBUG 12-08-16 17:29:55 消息解析异常.null
DEBUG 12-08-16 17:30:55 消息解析异常.null
DEBUG 12-08-16 17:32:00 消息解析异常.null
DEBUG 12-08-16 17:33:00 消息解析异常.null
DEBUG 12-08-16 17:34:51 消息解析异常.null
DEBUG 12-08-16 17:35:51 消息解析异常.null
DEBUG 12-08-16 17:36:51 消息解析异常.null
DEBUG 12-08-16 17:37:51 消息解析异常.null
DEBUG 12-08-16 17:38:51 消息解析异常.null
DEBUG 12-08-16 17:39:51 消息解析异常.null
DEBUG 12-08-16 17:40:52 消息解析异常.null
DEBUG 12-08-16 17:40:53 消息解析异常.null
DEBUG 12-08-16 17:41:53 消息解析异常.null
DEBUG 12-08-16 17:42:53 消息解析异常.null
DEBUG 12-08-16 17:43:53 消息解析异常.null
DEBUG 12-08-16 17:44:53 消息解析异常.null
DEBUG 12-08-16 17:45:54 消息解析异常.null
DEBUG 12-08-16 17:46:54 消息解析异常.null
DEBUG 12-08-16 17:49:10 消息解析异常.null
DEBUG 12-08-16 17:50:10 消息解析异常.null
DEBUG 12-08-16 17:51:10 消息解析异常.null
DEBUG 12-08-16 17:52:11 消息解析异常.null
DEBUG 12-08-16 17:53:11 消息解析异常.null
DEBUG 12-08-16 17:54:12 消息解析异常.null
DEBUG 12-08-16 17:55:12 消息解析异常.null
DEBUG 12-08-16 17:56:13 消息解析异常.null
DEBUG 12-08-16 17:57:16 消息解析异常.null
DEBUG 12-08-16 17:58:16 消息解析异常.null
DEBUG 12-08-16 17:59:16 消息解析异常.null
DEBUG 12-08-16 18:00:16 消息解析异常.null
DEBUG 12-08-16 18:01:10 消息解析异常.null
DEBUG 12-08-16 18:02:54 消息解析异常.null
DEBUG 12-08-16 18:03:55 消息解析异常.null
DEBUG 12-08-16 18:05:27 消息解析异常.null
DEBUG 12-08-16 18:06:48 消息解析异常.null
DEBUG 12-08-16 18:07:50 消息解析异常.null
DEBUG 12-08-16 18:08:50 消息解析异常.null
DEBUG 12-08-16 18:09:30 消息解析异常.null
