LOG 12-06-22 21:15:28 init
LOG 12-06-22 21:15:28 check.
LOG 12-06-22 21:15:29 login.
LOG 12-06-22 21:30:22 init
LOG 12-06-22 21:30:23 check.
LOG 12-06-22 21:30:23 login.
LOG 12-06-22 21:31:34 init
LOG 12-06-22 21:31:34 check.
LOG 12-06-22 21:31:34 login.
LOG 12-06-22 21:38:29 init
LOG 12-06-22 21:38:29 check.
LOG 12-06-22 21:38:30 login.
LOG 12-06-22 21:38:39 init
LOG 12-06-22 21:38:39 check.
LOG 12-06-22 21:38:40 login.
LOG 12-06-22 21:40:22 init
LOG 12-06-22 21:40:22 check.
LOG 12-06-22 21:40:23 login.
LOG 12-06-22 21:40:40 init
LOG 12-06-22 21:40:40 check.
LOG 12-06-22 21:40:41 login.
LOG 12-06-22 21:42:43 init
LOG 12-06-22 21:42:43 check.
LOG 12-06-22 21:42:43 login.
LOG 12-06-22 21:42:47 init
LOG 12-06-22 21:42:47 check.
LOG 12-06-22 21:42:47 login.
LOG 12-06-22 21:43:13 init
LOG 12-06-22 21:43:13 check.
LOG 12-06-22 21:43:13 login.
LOG 12-06-22 21:47:28 init
LOG 12-06-22 21:47:28 login.
LOG 12-06-22 21:47:28 getFriendInfo
LOG 12-06-22 21:47:39 init
LOG 12-06-22 21:47:39 check.
LOG 12-06-22 21:47:39 login.
LOG 12-06-22 21:53:19 init
LOG 12-06-22 21:53:19 check.
LOG 12-06-22 21:53:19 涓瑕楠璇
LOG 12-06-22 21:53:19 login.
LOG 12-06-22 21:53:19 real login.
LOG 12-06-22 21:53:19 getFriendInfo
LOG 12-06-22 21:54:25 init
LOG 12-06-22 21:54:25 check.
LOG 12-06-22 21:54:25 涓瑕楠璇
LOG 12-06-22 21:54:25 login.
LOG 12-06-22 21:54:26 real login.
LOG 12-06-22 21:54:26 getFriendInfo
LOG 12-06-22 21:54:45 init
LOG 12-06-22 21:54:45 check.
LOG 12-06-22 21:54:45 涓瑕楠璇
LOG 12-06-22 21:54:45 login.
LOG 12-06-22 21:54:45 real login.
LOG 12-06-22 21:54:45 getFriendInfo
LOG 12-06-22 21:55:15 init
LOG 12-06-22 21:55:15 check.
LOG 12-06-22 21:55:15 涓瑕楠璇
LOG 12-06-22 21:55:15 login.
LOG 12-06-22 21:55:15 real login.
LOG 12-06-22 21:55:15 getFriendInfo
LOG 12-06-22 21:57:06 init
LOG 12-06-22 21:57:06 check.
LOG 12-06-22 21:57:06 涓瑕楠璇
LOG 12-06-22 21:57:06 login.
LOG 12-06-22 21:57:06 real login.
LOG 12-06-22 21:57:06 getUserFriends
LOG 12-06-22 22:03:26 init
LOG 12-06-22 22:03:26 check.
LOG 12-06-22 22:03:27 涓瑕楠璇
LOG 12-06-22 22:03:27 login.
LOG 12-06-22 22:03:27 real login.
LOG 12-06-22 22:03:27 getFriendInfo
LOG 12-06-22 22:05:03 init
LOG 12-06-22 22:05:03 check.
LOG 12-06-22 22:05:04 涓瑕楠璇
LOG 12-06-22 22:05:04 login.
LOG 12-06-22 22:05:04 real login.
LOG 12-06-22 22:05:04 getFriendInfo
LOG 12-06-22 22:05:47 init
LOG 12-06-22 22:05:47 check.
LOG 12-06-22 22:05:48 涓瑕楠璇
LOG 12-06-22 22:05:48 login.
LOG 12-06-22 22:05:48 real login.
LOG 12-06-22 22:05:48 getFriendInfo
LOG 12-06-22 22:06:31 init
LOG 12-06-22 22:06:31 check.
LOG 12-06-22 22:06:31 涓瑕楠璇
LOG 12-06-22 22:06:31 login.
LOG 12-06-22 22:06:31 real login.
LOG 12-06-22 22:06:31 getFriendInfo
LOG 12-06-22 22:06:53 init
LOG 12-06-22 22:06:53 check.
LOG 12-06-22 22:06:53 涓瑕楠璇
LOG 12-06-22 22:06:53 login.
LOG 12-06-22 22:06:53 real login.
LOG 12-06-22 22:06:53 getFriendInfo
LOG 12-06-22 22:09:58 init
LOG 12-06-22 22:09:58 check.
LOG 12-06-22 22:09:58 涓瑕楠璇
LOG 12-06-22 22:09:58 login.
LOG 12-06-22 22:09:58 real login.
LOG 12-06-22 22:09:58 getFriendInfo
LOG 12-06-22 22:11:18 init
LOG 12-06-22 22:11:18 check.
LOG 12-06-22 22:11:19 涓瑕楠璇
LOG 12-06-22 22:11:19 login.
LOG 12-06-22 22:11:19 real login.
LOG 12-06-22 22:11:19 getFriendInfo
LOG 12-06-22 22:12:36 init
LOG 12-06-22 22:12:36 check.
LOG 12-06-22 22:12:36 涓瑕楠璇
LOG 12-06-22 22:12:36 login.
LOG 12-06-22 22:12:37 real login.
LOG 12-06-22 22:12:37 getFriendInfo
LOG 12-06-22 22:13:14 init
LOG 12-06-22 22:13:14 check.
LOG 12-06-22 22:13:14 涓瑕楠璇
LOG 12-06-22 22:13:14 login.
LOG 12-06-22 22:13:14 real login.
LOG 12-06-22 22:13:14 getFriendInfo
LOG 12-06-22 22:13:28 init
LOG 12-06-22 22:13:28 check.
LOG 12-06-22 22:13:29 涓瑕楠璇
LOG 12-06-22 22:13:29 login.
LOG 12-06-22 22:13:29 real login.
LOG 12-06-22 22:13:29 getFriendInfo
LOG 12-06-22 22:13:50 init
LOG 12-06-22 22:13:50 check.
LOG 12-06-22 22:13:50 涓瑕楠璇
LOG 12-06-22 22:13:50 login.
LOG 12-06-22 22:13:50 real login.
LOG 12-06-22 22:13:50 getFriendInfo
LOG 12-06-22 22:14:13 init
LOG 12-06-22 22:14:13 check.
LOG 12-06-22 22:14:13 涓瑕楠璇
LOG 12-06-22 22:14:13 login.
LOG 12-06-22 22:14:13 real login.
LOG 12-06-22 22:14:13 getFriendInfo
LOG 12-06-22 22:14:49 init
LOG 12-06-22 22:14:49 check.
LOG 12-06-22 22:14:50 涓瑕楠璇
LOG 12-06-22 22:14:50 login.
LOG 12-06-22 22:14:55 real login.
LOG 12-06-22 22:14:55 getFriendInfo
LOG 12-06-22 22:15:07 init
LOG 12-06-22 22:15:07 check.
LOG 12-06-22 22:15:07 涓瑕楠璇
LOG 12-06-22 22:15:07 login.
LOG 12-06-22 22:15:07 real login.
LOG 12-06-22 22:15:07 getFriendInfo
LOG 12-06-22 22:15:58 init
LOG 12-06-22 22:15:58 check.
LOG 12-06-22 22:15:58 涓瑕楠璇
LOG 12-06-22 22:15:58 login.
LOG 12-06-22 22:15:58 real login.
LOG 12-06-22 22:15:58 getFriendInfo
LOG 12-06-22 22:17:29 init
LOG 12-06-22 22:17:29 check.
LOG 12-06-22 22:17:30 涓瑕楠璇
LOG 12-06-22 22:17:30 login.
LOG 12-06-22 22:17:30 real login.
LOG 12-06-22 22:17:30 getFriendInfo
LOG 12-06-22 22:17:46 init
LOG 12-06-22 22:17:46 check.
LOG 12-06-22 22:17:46 涓瑕楠璇
LOG 12-06-22 22:17:46 login.
LOG 12-06-22 22:17:46 real login.
LOG 12-06-22 22:17:46 getFriendInfo
LOG 12-06-22 22:17:56 init
LOG 12-06-22 22:17:56 check.
LOG 12-06-22 22:17:56 涓瑕楠璇
LOG 12-06-22 22:17:56 login.
LOG 12-06-22 22:17:56 real login.
LOG 12-06-22 22:17:56 getFriendInfo
LOG 12-06-22 22:18:31 init
LOG 12-06-22 22:18:31 check.
LOG 12-06-22 22:18:31 涓瑕楠璇
LOG 12-06-22 22:18:50 init
LOG 12-06-22 22:18:50 check.
LOG 12-06-22 22:18:50 涓瑕楠璇
LOG 12-06-22 22:18:50 login.
LOG 12-06-22 22:18:50 real login.
LOG 12-06-22 22:18:50 getFriendInfo
LOG 12-06-22 22:18:58 init
LOG 12-06-22 22:18:58 check.
LOG 12-06-22 22:18:59 涓瑕楠璇
LOG 12-06-22 22:18:59 login.
LOG 12-06-22 22:18:59 real login.
LOG 12-06-22 22:18:59 getFriendInfo
LOG 12-06-22 22:19:10 init
LOG 12-06-22 22:19:10 check.
LOG 12-06-22 22:19:10 涓瑕楠璇
LOG 12-06-22 22:19:10 login.
LOG 12-06-22 22:19:10 real login.
LOG 12-06-22 22:19:10 getFriendInfo
LOG 12-06-22 22:19:40 init
LOG 12-06-22 22:19:40 check.
LOG 12-06-22 22:19:40 涓瑕楠璇
LOG 12-06-22 22:19:40 login.
LOG 12-06-22 22:19:40 real login.
LOG 12-06-22 22:19:40 getFriendInfo
LOG 12-06-22 22:20:49 init
LOG 12-06-22 22:20:49 check.
LOG 12-06-22 22:20:49 涓瑕楠璇
LOG 12-06-22 22:21:19 init
LOG 12-06-22 22:21:19 check.
LOG 12-06-22 22:21:19 涓瑕楠璇
LOG 12-06-22 22:21:26 init
LOG 12-06-22 22:21:26 check.
LOG 12-06-22 22:21:26 涓瑕楠璇
LOG 12-06-22 22:21:54 init
LOG 12-06-22 22:21:54 check.
LOG 12-06-22 22:21:55 涓瑕楠璇
LOG 12-06-22 22:21:55 login.
LOG 12-06-22 22:21:55 real login.
LOG 12-06-22 22:21:55 getFriendInfo
LOG 12-06-22 22:22:37 init
LOG 12-06-22 22:22:37 check.
LOG 12-06-22 22:22:37 涓瑕楠璇
LOG 12-06-22 22:22:37 login.
LOG 12-06-22 22:22:38 real login.
LOG 12-06-22 22:22:38 getFriendInfo
LOG 12-06-22 22:25:06 init
LOG 12-06-22 22:25:06 check.
LOG 12-06-22 22:25:06 涓瑕楠璇
LOG 12-06-22 22:25:06 login.
LOG 12-06-22 22:25:06 real login.
LOG 12-06-22 22:25:06 getFriendInfo
LOG 12-06-22 22:25:49 init
LOG 12-06-22 22:25:50 check.
LOG 12-06-22 22:25:50 涓瑕楠璇
LOG 12-06-22 22:25:50 login.
LOG 12-06-22 22:25:50 real login.
LOG 12-06-22 22:25:50 getFriendInfo
LOG 12-06-22 22:28:36 init
LOG 12-06-22 22:28:36 check.
LOG 12-06-22 22:28:36 涓瑕楠璇
LOG 12-06-22 22:28:36 login.
LOG 12-06-22 22:28:37 real login.
LOG 12-06-22 22:28:37 getFriendInfo
LOG 12-06-22 22:29:28 init
LOG 12-06-22 22:29:28 check.
LOG 12-06-22 22:29:28 涓瑕楠璇
LOG 12-06-22 22:29:28 login.
LOG 12-06-22 22:29:28 real login.
LOG 12-06-22 22:29:28 getFriendInfo
LOG 12-06-22 22:33:46 init
LOG 12-06-22 22:33:46 check.
LOG 12-06-22 22:33:46 涓瑕楠璇
LOG 12-06-22 22:33:46 login.
LOG 12-06-22 22:33:47 real login.
LOG 12-06-22 22:33:47 getFriendInfo
LOG 12-06-22 22:33:52 init
LOG 12-06-22 22:33:52 check.
LOG 12-06-22 22:33:52 涓瑕楠璇
LOG 12-06-22 22:33:52 login.
LOG 12-06-22 22:33:52 real login.
LOG 12-06-22 22:33:52 getFriendInfo
LOG 12-06-22 22:34:37 init
LOG 12-06-22 22:34:37 check.
LOG 12-06-22 22:34:37 涓瑕楠璇
LOG 12-06-22 22:34:37 login.
LOG 12-06-22 22:34:37 real login.
LOG 12-06-22 22:34:37 getFriendInfo
LOG 12-06-22 22:35:32 init
LOG 12-06-22 22:35:32 check.
LOG 12-06-22 22:35:32 涓瑕楠璇
LOG 12-06-22 22:35:32 login.
LOG 12-06-22 22:35:32 real login.
LOG 12-06-22 22:35:32 getFriendInfo
LOG 12-06-22 22:35:54 init
LOG 12-06-22 22:35:54 check.
LOG 12-06-22 22:35:54 涓瑕楠璇
LOG 12-06-22 22:35:54 login.
LOG 12-06-22 22:35:55 real login.
LOG 12-06-22 22:35:55 getFriendInfo
LOG 12-06-22 22:37:58 init
LOG 12-06-22 22:37:58 check.
LOG 12-06-22 22:37:58 涓瑕楠璇
LOG 12-06-22 22:37:58 login.
LOG 12-06-22 22:37:58 real login.
LOG 12-06-22 22:37:58 getFriendInfo
LOG 12-06-22 22:38:57 init
LOG 12-06-22 22:38:57 check.
LOG 12-06-22 22:38:57 瑕楠璇
LOG 12-06-22 22:38:58 login.
LOG 12-06-22 22:39:53 real login.
LOG 12-06-22 22:39:53 getFriendInfo
LOG 12-06-22 22:40:07 init
LOG 12-06-22 22:40:07 check.
LOG 12-06-22 22:40:07 涓瑕楠璇
LOG 12-06-22 22:40:07 login.
LOG 12-06-22 22:40:07 real login.
LOG 12-06-22 22:40:07 getFriendInfo
LOG 12-06-22 22:40:48 init
LOG 12-06-22 22:40:48 check.
LOG 12-06-22 22:40:49 涓瑕楠璇
LOG 12-06-22 22:40:49 login.
LOG 12-06-22 22:40:49 real login.
LOG 12-06-22 22:40:49 getFriendInfo
LOG 12-06-22 22:41:21 init
LOG 12-06-22 22:41:21 check.
LOG 12-06-22 22:41:21 瑕楠璇
LOG 12-06-22 22:41:36 init
LOG 12-06-22 22:41:36 check.
LOG 12-06-22 22:41:36 瑕楠璇
LOG 12-06-22 22:41:37 login.
LOG 12-06-22 22:41:45 real login.
LOG 12-06-22 22:41:45 getFriendInfo
LOG 12-06-22 22:41:59 init
LOG 12-06-22 22:41:59 check.
LOG 12-06-22 22:42:00 瑕楠璇
LOG 12-06-22 22:42:00 login.
LOG 12-06-22 22:42:07 real login.
LOG 12-06-22 22:42:07 getFriendInfo
LOG 12-06-22 22:42:28 init
LOG 12-06-22 22:42:28 check.
LOG 12-06-22 22:42:28 瑕楠璇
LOG 12-06-22 22:42:28 login.
LOG 12-06-22 22:42:36 real login.
LOG 12-06-22 22:42:36 getFriendInfo
LOG 12-06-22 22:43:09 init
LOG 12-06-22 22:43:09 check.
LOG 12-06-22 22:43:10 瑕楠璇
LOG 12-06-22 22:44:20 init
LOG 12-06-22 22:44:20 check.
LOG 12-06-22 22:44:20 瑕楠璇
LOG 12-06-22 22:44:49 init
LOG 12-06-22 22:44:49 check.
LOG 12-06-22 22:44:49 瑕楠璇
LOG 12-06-22 22:45:22 init
LOG 12-06-22 22:45:22 check.
LOG 12-06-22 22:45:22 瑕楠璇
LOG 12-06-22 22:45:52 init
LOG 12-06-22 22:45:52 check.
LOG 12-06-22 22:45:52 瑕楠璇
LOG 12-06-22 22:45:53 login.
LOG 12-06-22 22:45:59 real login.
LOG 12-06-22 22:45:59 getFriendInfo
LOG 12-06-22 22:46:19 init
LOG 12-06-22 22:46:19 check.
LOG 12-06-22 22:46:19 瑕楠璇
LOG 12-06-22 22:46:19 login.
LOG 12-06-22 22:46:25 real login.
LOG 12-06-22 22:46:25 getFriendInfo
LOG 12-06-22 22:46:40 init
LOG 12-06-22 22:46:40 check.
LOG 12-06-22 22:46:41 瑕楠璇
LOG 12-06-22 22:46:41 login.
LOG 12-06-22 22:46:50 real login.
LOG 12-06-22 22:46:50 getFriendInfo
LOG 12-06-22 22:48:14 init
LOG 12-06-22 22:48:14 check.
LOG 12-06-22 22:48:14 瑕楠璇
LOG 12-06-22 22:48:15 login.
LOG 12-06-22 22:48:22 real login.
LOG 12-06-22 22:48:22 getFriendInfo
LOG 12-06-22 22:49:10 init
LOG 12-06-22 22:49:10 check.
LOG 12-06-22 22:49:10 瑕楠璇
LOG 12-06-22 22:49:11 login.
LOG 12-06-22 22:49:18 real login.
LOG 12-06-22 22:49:18 getFriendInfo
LOG 12-06-22 22:49:46 init
LOG 12-06-22 22:49:46 check.
LOG 12-06-22 22:49:46 瑕楠璇
LOG 12-06-22 22:49:46 login.
LOG 12-06-22 22:49:52 real login.
LOG 12-06-22 22:49:52 getFriendInfo
LOG 12-06-22 22:50:11 init
LOG 12-06-22 22:50:11 check.
LOG 12-06-22 22:50:11 瑕楠璇
LOG 12-06-22 22:50:11 login.
LOG 12-06-22 22:50:18 real login.
LOG 12-06-22 22:50:18 getFriendInfo
LOG 12-06-22 22:52:49 init
LOG 12-06-22 22:52:49 check.
LOG 12-06-22 22:52:50 涓瑕楠璇
LOG 12-06-22 22:52:50 login.
LOG 12-06-22 22:52:50 real login.
LOG 12-06-22 22:52:50 getFriendInfo
LOG 12-06-22 22:53:19 init
LOG 12-06-22 22:53:19 check.
LOG 12-06-22 22:53:20 涓瑕楠璇
LOG 12-06-22 22:53:20 login.
LOG 12-06-22 22:53:20 real login.
LOG 12-06-22 22:53:20 getFriendInfo
LOG 12-06-22 22:54:42 init
LOG 12-06-22 22:54:42 check.
LOG 12-06-22 22:54:42 瑕楠璇
LOG 12-06-22 22:54:42 login.
LOG 12-06-22 22:54:54 real login.
LOG 12-06-22 22:54:54 getFriendInfo
LOG 12-06-22 22:55:15 init
LOG 12-06-22 22:55:15 check.
LOG 12-06-22 22:55:15 瑕楠璇
LOG 12-06-22 22:55:15 login.
LOG 12-06-22 22:55:22 real login.
LOG 12-06-22 22:55:22 getFriendInfo
LOG 12-06-22 22:58:16 init
LOG 12-06-22 22:58:16 check.
LOG 12-06-22 22:58:16 瑕楠璇
LOG 12-06-22 22:59:35 init
LOG 12-06-22 22:59:35 check.
LOG 12-06-22 22:59:35 瑕楠璇
LOG 12-06-22 22:59:35 login.
LOG 12-06-22 22:59:44 real login.
LOG 12-06-22 22:59:44 getFriendInfo
LOG 12-06-22 22:59:57 init
LOG 12-06-22 22:59:57 check.
LOG 12-06-22 22:59:57 瑕楠璇
LOG 12-06-22 22:59:57 login.
LOG 12-06-22 23:00:04 real login.
LOG 12-06-22 23:00:04 getFriendInfo
LOG 12-06-22 23:00:19 init
LOG 12-06-22 23:00:20 check.
LOG 12-06-22 23:00:20 瑕楠璇
LOG 12-06-22 23:00:20 login.
LOG 12-06-22 23:00:26 real login.
LOG 12-06-22 23:00:26 getFriendInfo
LOG 12-06-22 23:03:59 init
LOG 12-06-22 23:03:59 check.
LOG 12-06-22 23:03:59 涓瑕楠璇
LOG 12-06-22 23:03:59 login.
LOG 12-06-22 23:03:59 real login.
LOG 12-06-22 23:03:59 getFriendInfo
LOG 12-06-22 23:05:06 init
LOG 12-06-22 23:05:06 check.
LOG 12-06-22 23:05:06 涓瑕楠璇
LOG 12-06-22 23:05:06 login.
LOG 12-06-22 23:05:06 real login.
LOG 12-06-22 23:05:06 getFriendInfo
LOG 12-06-22 23:05:29 init
LOG 12-06-22 23:05:29 check.
LOG 12-06-22 23:05:29 瑕楠璇
LOG 12-06-22 23:05:30 login.
LOG 12-06-22 23:05:43 real login.
LOG 12-06-22 23:05:43 getFriendInfo
LOG 12-06-22 23:05:53 init
LOG 12-06-22 23:05:53 check.
LOG 12-06-22 23:05:53 瑕楠璇
LOG 12-06-22 23:05:53 login.
LOG 12-06-22 23:06:00 real login.
LOG 12-06-22 23:06:00 getFriendInfo
LOG 12-06-22 23:06:14 init
LOG 12-06-22 23:06:14 check.
LOG 12-06-22 23:06:14 瑕楠璇
LOG 12-06-22 23:06:15 login.
LOG 12-06-22 23:06:21 real login.
LOG 12-06-22 23:06:21 getFriendInfo
LOG 12-06-22 23:07:21 init
LOG 12-06-22 23:07:21 check.
LOG 12-06-22 23:07:21 瑕楠璇
LOG 12-06-22 23:07:21 login.
LOG 12-06-22 23:07:29 real login.
LOG 12-06-22 23:07:29 getFriendInfo
LOG 12-06-22 23:08:25 init
LOG 12-06-22 23:08:25 check.
LOG 12-06-22 23:08:26 瑕楠璇
LOG 12-06-22 23:08:26 login.
LOG 12-06-22 23:08:34 real login.
LOG 12-06-22 23:08:34 getFriendInfo
LOG 12-06-22 23:08:45 init
LOG 12-06-22 23:08:45 check.
LOG 12-06-22 23:08:45 瑕楠璇
LOG 12-06-22 23:08:45 login.
LOG 12-06-22 23:08:58 real login.
LOG 12-06-22 23:08:58 getFriendInfo
LOG 12-06-22 23:09:16 init
LOG 12-06-22 23:09:16 check.
LOG 12-06-22 23:09:17 瑕楠璇
LOG 12-06-22 23:09:17 login.
LOG 12-06-22 23:09:23 real login.
LOG 12-06-22 23:09:23 getFriendInfo
LOG 12-07-27 23:41:40 init
LOG 12-07-27 23:41:40 check.
LOG 12-07-27 23:41:40 不需要验证码
LOG 12-07-27 23:41:40 login.
LOG 12-07-27 23:41:41 real login.
LOG 12-07-27 23:41:41 getFriendInfo
LOG 12-07-28 09:24:40 init
LOG 12-07-28 09:24:40 check.
LOG 12-07-28 09:24:40 不需要验证码
LOG 12-07-28 09:24:40 login.
LOG 12-07-28 09:24:40 real login.
LOG 12-07-28 09:24:40 getFriendInfo
LOG 12-07-28 09:25:34 init
LOG 12-07-28 09:25:34 check.
LOG 12-07-28 09:25:34 不需要验证码
LOG 12-07-28 09:25:34 login.
LOG 12-07-28 09:25:34 real login.
LOG 12-07-28 09:25:34 getFriendInfo
LOG 12-07-28 09:26:01 init
LOG 12-07-28 09:26:02 check.
LOG 12-07-28 09:26:02 不需要验证码
LOG 12-07-28 09:26:02 login.
LOG 12-07-28 09:26:02 real login.
LOG 12-07-28 09:26:02 getFriendInfo
LOG 12-07-28 09:34:26 init
LOG 12-07-28 09:34:26 check.
LOG 12-07-28 09:34:26 需要验证码
LOG 12-07-28 09:34:26 login.
LOG 12-07-28 09:35:07 real login.
LOG 12-07-28 09:35:07 getFriendInfo
LOG 12-07-28 09:35:14 init
LOG 12-07-28 09:35:14 check.
LOG 12-07-28 09:35:14 需要验证码
LOG 12-07-28 09:36:37 init
LOG 12-07-28 09:36:37 check.
LOG 12-07-28 09:36:37 需要验证码
LOG 12-07-28 09:36:38 login.
LOG 12-07-28 09:36:40 real login.
LOG 12-07-28 09:36:40 getFriendInfo
LOG 12-07-28 09:37:01 init
LOG 12-07-28 09:37:02 check.
LOG 12-07-28 09:37:02 需要验证码
LOG 12-07-28 09:45:46 init
LOG 12-07-28 09:45:46 check.
LOG 12-07-28 09:45:47 需要验证码
LOG 12-07-28 09:45:50 login.
LOG 12-07-28 09:46:13 real login.
LOG 12-07-28 09:46:13 getFriendInfo
LOG 12-07-28 09:47:58 init
LOG 12-07-28 09:47:58 check.
LOG 12-07-28 09:47:58 需要验证码
LOG 12-07-28 09:47:58 login.
LOG 12-07-28 09:48:17 real login.
LOG 12-07-28 09:48:17 getFriendInfo
LOG 12-07-28 09:48:44 init
LOG 12-07-28 09:48:44 check.
LOG 12-07-28 09:48:44 不需要验证码
LOG 12-07-28 09:48:44 login.
LOG 12-07-28 09:48:45 real login.
LOG 12-07-28 09:48:45 getFriendInfo
LOG 12-07-28 09:48:52 init
LOG 12-07-28 09:48:52 check.
LOG 12-07-28 09:48:52 需要验证码
LOG 12-07-28 09:48:52 login.
LOG 12-07-28 09:49:14 real login.
LOG 12-07-28 09:49:14 getFriendInfo
LOG 12-07-28 09:54:39 init
LOG 12-07-28 09:54:39 check.
LOG 12-07-28 09:54:48 需要验证码
LOG 12-07-28 09:56:13 init
LOG 12-07-28 09:56:13 check.
LOG 12-07-28 09:56:13 需要验证码
LOG 12-07-28 09:58:01 init
LOG 12-07-28 09:58:01 check.
LOG 12-07-28 09:58:01 需要验证码
LOG 12-07-28 10:00:03 init
LOG 12-07-28 10:00:03 check.
LOG 12-07-28 10:00:03 需要验证码
LOG 12-07-28 10:00:03 login.
LOG 12-07-28 10:00:21 real login.
LOG 12-07-28 10:00:21 getFriendInfo
LOG 12-07-28 10:08:33 init
LOG 12-07-28 10:08:33 check.
LOG 12-07-28 10:08:33 需要验证码
LOG 12-07-28 10:09:51 init
LOG 12-07-28 10:09:51 check.
LOG 12-07-28 10:09:51 需要验证码
LOG 12-07-28 10:09:52 login.
LOG 12-07-28 10:10:03 real login.
LOG 12-07-28 10:10:03 getFriendInfo
LOG 12-07-28 10:10:30 init
LOG 12-07-28 10:10:30 check.
LOG 12-07-28 10:10:30 不需要验证码
LOG 12-07-28 10:10:30 login.
LOG 12-07-28 10:10:30 real login.
LOG 12-07-28 10:10:40 getFriendInfo
LOG 12-07-28 10:10:40 getUserFriends
LOG 12-07-28 10:10:40 getGroupNameListMask.
LOG 12-07-28 10:10:44 getOnlineBuddies
LOG 12-07-28 10:10:44 getDiscuzListNew
LOG 12-07-28 10:10:44 getMessageTip
LOG 12-07-28 10:10:44 poll
LOG 12-07-28 10:10:44 init
LOG 12-07-28 10:10:44 check.
LOG 12-07-28 10:10:44 需要验证码
LOG 12-07-28 10:11:23 init
LOG 12-07-28 10:11:23 check.
LOG 12-07-28 10:11:23 不需要验证码
LOG 12-07-28 10:11:23 login.
LOG 12-07-28 10:11:23 real login.
LOG 12-07-28 10:11:49 getFriendInfo
LOG 12-07-28 10:11:49 getUserFriends
LOG 12-07-28 10:11:53 getGroupNameListMask.
LOG 12-07-28 10:11:53 getOnlineBuddies
LOG 12-07-28 10:12:16 init
LOG 12-07-28 10:12:16 check.
LOG 12-07-28 10:12:16 需要验证码
LOG 12-07-28 10:12:16 login.
LOG 12-07-28 10:12:36 real login.
LOG 12-07-28 10:12:36 getFriendInfo
LOG 12-07-28 10:16:27 init
LOG 12-07-28 10:16:27 check.
LOG 12-07-28 10:16:27 不需要验证码
LOG 12-07-28 10:16:27 login.
LOG 12-07-28 10:16:27 real login.
LOG 12-07-28 10:16:34 getFriendInfo
LOG 12-07-28 10:16:34 getUserFriends
LOG 12-07-28 10:16:35 getGroupNameListMask.
LOG 12-07-28 10:16:35 getOnlineBuddies
LOG 12-07-28 10:19:48 init
LOG 12-07-28 10:19:48 check.
LOG 12-07-28 10:19:48 不需要验证码
LOG 12-07-28 10:19:48 login.
LOG 12-07-28 10:19:49 real login.
LOG 12-07-28 10:19:49 getFriendInfo
LOG 12-07-28 10:19:49 getUserFriends
LOG 12-07-28 10:19:50 getGroupNameListMask.
LOG 12-07-28 10:19:50 getOnlineBuddies
LOG 12-07-28 10:19:51 getDiscuzListNew
LOG 12-07-28 10:19:54 getMessageTip
LOG 12-07-28 10:19:54 poll
LOG 12-07-28 10:19:54 init
LOG 12-07-28 10:19:54 check.
LOG 12-07-28 10:19:55 login.
LOG 12-07-28 10:19:55 getFriendInfo
LOG 12-07-28 10:19:55 getUserFriends
LOG 12-07-28 10:19:56 getGroupNameListMask.
LOG 12-07-28 10:19:56 getOnlineBuddies
LOG 12-07-28 10:19:56 getDiscuzListNew
LOG 12-07-28 10:19:59 getMessageTip
LOG 12-07-28 10:20:05 init
LOG 12-07-28 10:20:05 check.
LOG 12-07-28 10:20:05 不需要验证码
LOG 12-07-28 10:20:05 login.
LOG 12-07-28 10:20:06 real login.
LOG 12-07-28 10:20:06 getFriendInfo
LOG 12-07-28 10:20:06 getUserFriends
LOG 12-07-28 10:20:10 getGroupNameListMask.
LOG 12-07-28 10:20:10 getOnlineBuddies
LOG 12-07-28 10:20:10 getDiscuzListNew
LOG 12-07-28 10:20:11 getMessageTip
LOG 12-07-28 10:20:11 poll
LOG 12-07-28 10:20:11 init
LOG 12-07-28 10:20:11 check.
LOG 12-07-28 10:20:11 poll
LOG 12-07-28 10:20:11 需要验证码
LOG 12-07-28 10:20:12 getFriendInfo
LOG 12-07-28 10:20:15 getUserFriends
LOG 12-07-28 10:20:15 getGroupNameListMask.
LOG 12-07-28 10:20:15 getOnlineBuddies
LOG 12-07-28 10:20:19 getDiscuzListNew
LOG 12-07-28 10:20:49 init
LOG 12-07-28 10:20:49 check.
LOG 12-07-28 10:20:53 不需要验证码
LOG 12-07-28 10:20:53 login.
LOG 12-07-28 10:20:56 real login.
LOG 12-07-28 10:20:56 getFriendInfo
LOG 12-07-28 10:20:56 getUserFriends
LOG 12-07-28 10:20:57 getGroupNameListMask.
LOG 12-07-28 10:21:00 getOnlineBuddies
LOG 12-07-28 10:21:05 init
LOG 12-07-28 10:21:05 check.
LOG 12-07-28 10:21:05 不需要验证码
LOG 12-07-28 10:21:05 login.
LOG 12-07-28 10:21:05 real login.
LOG 12-07-28 10:21:06 getFriendInfo
LOG 12-07-28 10:21:06 getUserFriends
LOG 12-07-28 10:21:06 getGroupNameListMask.
LOG 12-07-28 10:21:07 getOnlineBuddies
LOG 12-07-28 10:21:07 getDiscuzListNew
LOG 12-07-28 10:21:07 getMessageTip
LOG 12-07-28 10:21:07 poll
LOG 12-07-28 10:22:11 init
LOG 12-07-28 10:22:11 check.
LOG 12-07-28 10:22:11 不需要验证码
LOG 12-07-28 10:22:58 init
LOG 12-07-28 10:22:58 check.
LOG 12-07-28 10:22:58 不需要验证码
LOG 12-07-28 10:22:58 login.
LOG 12-07-28 10:23:02 real login.
LOG 12-07-28 10:23:02 getFriendInfo
LOG 12-07-28 10:23:02 getUserFriends
LOG 12-07-28 10:23:03 getGroupNameListMask.
LOG 12-07-28 10:23:03 getOnlineBuddies
LOG 12-07-28 10:23:07 getDiscuzListNew
LOG 12-07-28 10:23:07 getMessageTip
LOG 12-07-28 10:23:07 poll
LOG 12-07-28 10:25:33 init
LOG 12-07-28 10:25:33 check.
LOG 12-07-28 10:25:34 不需要验证码
LOG 12-07-28 10:25:34 login.
LOG 12-07-28 10:25:34 real login.
LOG 12-07-28 10:25:34 getFriendInfo
LOG 12-07-28 10:25:37 getUserFriends
LOG 12-07-28 10:25:38 getGroupNameListMask.
LOG 12-07-28 10:25:39 getOnlineBuddies
LOG 12-07-28 10:25:39 getDiscuzListNew
LOG 12-07-28 10:25:39 getMessageTip
LOG 12-07-28 10:25:39 poll
LOG 12-07-28 10:26:12 init
LOG 12-07-28 10:26:12 check.
LOG 12-07-28 10:26:12 不需要验证码
LOG 12-07-28 10:26:13 login.
LOG 12-07-28 10:26:13 real login.
LOG 12-07-28 10:26:13 getFriendInfo
LOG 12-07-28 10:26:14 getUserFriends
LOG 12-07-28 10:26:14 getGroupNameListMask.
LOG 12-07-28 10:26:14 getOnlineBuddies
LOG 12-07-28 10:26:15 getDiscuzListNew
LOG 12-07-28 10:26:15 getMessageTip
LOG 12-07-28 10:26:15 poll
LOG 12-07-28 10:27:37 init
LOG 12-07-28 10:27:37 check.
LOG 12-07-28 10:27:38 不需要验证码
LOG 12-07-28 10:27:38 login.
LOG 12-07-28 10:27:38 real login.
LOG 12-07-28 10:27:38 getFriendInfo
LOG 12-07-28 10:27:38 getUserFriends
LOG 12-07-28 10:27:39 getGroupNameListMask.
LOG 12-07-28 10:27:39 getOnlineBuddies
LOG 12-07-28 10:27:39 getDiscuzListNew
LOG 12-07-28 10:27:43 getMessageTip
LOG 12-07-28 10:27:43 poll
LOG 12-07-28 10:29:17 init
LOG 12-07-28 10:29:17 check.
LOG 12-07-28 10:29:18 不需要验证码
LOG 12-07-28 10:29:18 login.
LOG 12-07-28 10:29:19 real login.
LOG 12-07-28 10:29:22 getFriendInfo
LOG 12-07-28 10:29:42 init
LOG 12-07-28 10:29:42 check.
LOG 12-07-28 10:29:42 不需要验证码
LOG 12-07-28 10:29:42 login.
LOG 12-07-28 10:29:43 real login.
LOG 12-07-28 10:29:43 getFriendInfo
LOG 12-07-28 10:29:43 getUserFriends
LOG 12-07-28 10:29:47 getGroupNameListMask.
LOG 12-07-28 10:29:47 getOnlineBuddies
LOG 12-07-28 10:29:50 getDiscuzListNew
LOG 12-07-28 10:29:51 getMessageTip
LOG 12-07-28 10:29:51 poll
LOG 12-07-28 10:32:16 init
LOG 12-07-28 10:32:16 check.
LOG 12-07-28 10:32:17 不需要验证码
LOG 12-07-28 10:32:17 login.
LOG 12-07-28 10:32:17 real login.
LOG 12-07-28 10:32:17 getFriendInfo
LOG 12-07-28 10:32:19 getUserFriends
LOG 12-07-28 10:32:19 getGroupNameListMask.
LOG 12-07-28 10:32:20 getOnlineBuddies
LOG 12-07-28 10:32:20 getDiscuzListNew
LOG 12-07-28 10:32:20 getMessageTip
LOG 12-07-28 10:32:20 poll
LOG 12-07-28 10:33:09 init
LOG 12-07-28 10:33:09 check.
LOG 12-07-28 10:33:09 不需要验证码
LOG 12-07-28 10:33:09 login.
LOG 12-07-28 10:33:09 real login.
LOG 12-07-28 10:33:12 getFriendInfo
LOG 12-07-28 10:35:34 初始化
LOG 12-07-28 10:35:34 登陆检查.
LOG 12-07-28 10:35:34 不需要验证码
LOG 12-07-28 10:35:34 登陆.
LOG 12-07-28 10:35:37 real login.
LOG 12-07-28 10:35:41 登陆成功
LOG 12-07-28 10:35:41 getFriendInfo
LOG 12-07-28 10:35:41 getUserFriends
LOG 12-07-28 10:35:42 getGroupNameListMask.
LOG 12-07-28 10:35:42 getOnlineBuddies
LOG 12-07-28 10:35:42 getDiscuzListNew
LOG 12-07-28 10:35:43 getMessageTip
LOG 12-07-28 10:39:41 初始化.
LOG 12-07-28 10:39:41 登陆检查.
LOG 12-07-28 10:39:41 不需要验证码
LOG 12-07-28 10:39:41 登陆.
LOG 12-07-28 10:39:41 real login.
LOG 12-07-28 10:39:42 登陆成功
LOG 12-07-28 10:39:42 getFriendInfo
LOG 12-07-28 10:39:42 getUserFriends
LOG 12-07-28 10:39:42 getGroupNameListMask.
LOG 12-07-28 10:40:58 初始化.
LOG 12-07-28 10:40:59 登陆检查.
LOG 12-07-28 10:40:59 不需要验证码
LOG 12-07-28 10:40:59 登陆.
LOG 12-07-28 10:40:59 开始登陆.
LOG 12-07-28 10:40:59 登陆成功.
LOG 12-07-28 10:40:59 getFriendInfo
LOG 12-07-28 10:40:59 getUserFriends
LOG 12-07-28 10:41:00 getGroupNameListMask.
LOG 12-07-28 10:41:03 获取在线好友.
LOG 12-07-28 10:41:04 getDiscuzListNew
LOG 12-07-28 10:41:05 getMessageTip
LOG 12-07-28 10:43:24 初始化.
LOG 12-07-28 10:43:24 登陆检查.
LOG 12-07-28 10:43:24 不需要验证码
LOG 12-07-28 10:43:24 登陆.
LOG 12-07-28 10:43:24 开始登陆.
LOG 12-07-28 10:43:25 登陆成功.
LOG 12-07-28 10:43:25 getFriendInfo
LOG 12-07-28 10:43:25 getUserFriends
LOG 12-07-28 10:43:25 getGroupNameListMask.
LOG 12-07-28 10:43:26 获取在线好友.
LOG 12-07-28 10:43:26 getDiscuzListNew
LOG 12-07-28 10:43:26 getMessageTip
LOG 12-07-28 10:44:44 初始化.
LOG 12-07-28 10:44:44 登陆检查.
LOG 12-07-28 10:44:45 不需要验证码
LOG 12-07-28 10:44:45 登陆.
LOG 12-07-28 10:44:45 开始登陆.
LOG 12-07-28 10:44:46 登陆成功.
LOG 12-07-28 10:44:46 获取好友信息.
LOG 12-07-28 10:44:46 获取好友列表.
LOG 12-07-28 10:44:50 getGroupNameListMask.
LOG 12-07-28 10:44:50 获取在线好友.
LOG 12-07-28 10:44:53 getDiscuzListNew
LOG 12-07-28 10:44:53 getMessageTip
LOG 12-07-28 10:48:34 初始化.
LOG 12-07-28 10:48:34 登陆检查.
LOG 12-07-28 10:48:35 不需要验证码
LOG 12-07-28 10:48:35 登陆.
LOG 12-07-28 10:48:35 开始登陆.
LOG 12-07-28 10:48:36 登陆成功.
LOG 12-07-28 10:48:36 获取好友信息.
LOG 12-07-28 10:48:36 获取好友列表.
LOG 12-07-28 10:48:37 获取分组信息.
LOG 12-07-28 10:48:37 获取在线好友.
LOG 12-07-28 10:48:37 getDiscuzListNew
LOG 12-07-28 10:48:37 getMessageTip
LOG 12-07-28 10:50:12 初始化.
LOG 12-07-28 10:50:13 登陆检查.
LOG 12-07-28 10:50:13 不需要验证码
LOG 12-07-28 10:50:13 登陆.
LOG 12-07-28 10:50:13 开始登陆.
LOG 12-07-28 10:50:16 登陆成功.
LOG 12-07-28 10:50:16 获取好友信息.
LOG 12-07-28 10:50:16 获取好友列表.
LOG 12-07-28 10:50:20 获取分组信息.
LOG 12-07-28 10:50:20 获取在线好友.
LOG 12-07-28 10:50:20 getDiscuzListNew
LOG 12-07-28 10:50:20 getMessageTip
LOG 12-07-28 10:53:09 初始化.
LOG 12-07-28 10:53:09 登陆检查.
LOG 12-07-28 10:53:09 不需要验证码
LOG 12-07-28 10:53:09 登陆.
LOG 12-07-28 10:53:09 开始登陆.
LOG 12-07-28 10:53:10 登陆成功.
LOG 12-07-28 10:53:10 获取好友信息.
LOG 12-07-28 10:53:11 获取好友列表.
LOG 12-07-28 10:53:11 获取分组信息.
LOG 12-07-28 10:53:11 获取在线好友.
LOG 12-07-28 10:53:21 getDiscuzListNew
LOG 12-07-28 10:53:21 getMessageTip
LOG 12-07-28 10:53:21 拉取消息.
LOG 12-07-28 10:53:22 getGroupInfoExt
LOG 12-07-28 10:53:22 拉取消息.
LOG 12-07-28 10:53:30 拉取消息.
LOG 12-07-28 10:53:36 拉取消息.
LOG 12-07-28 10:54:25 拉取消息.
LOG 12-07-28 10:54:39 拉取消息.
LOG 12-07-28 10:54:42 拉取消息.
LOG 12-07-28 10:55:32 拉取消息.
LOG 12-07-28 10:55:47 拉取消息.
LOG 12-07-28 10:56:17 拉取消息.
LOG 12-07-28 10:57:08 拉取消息.
LOG 12-07-28 10:57:08 拉取消息.
LOG 12-07-28 10:57:11 拉取消息.
LOG 12-07-28 10:57:23 拉取消息.
LOG 12-07-28 10:57:24 拉取消息.
LOG 12-07-28 10:58:00 拉取消息.
LOG 12-07-28 10:58:25 拉取消息.
LOG 12-07-28 10:58:36 拉取消息.
LOG 12-07-28 10:58:50 拉取消息.
LOG 12-07-28 10:59:14 拉取消息.
LOG 12-07-28 10:59:25 拉取消息.
LOG 12-07-28 10:59:54 拉取消息.
LOG 12-07-28 10:59:55 拉取消息.
LOG 12-07-28 11:00:08 拉取消息.
LOG 12-07-28 11:00:18 拉取消息.
LOG 12-07-28 11:00:30 拉取消息.
LOG 12-07-28 11:00:44 拉取消息.
LOG 12-07-28 11:00:51 拉取消息.
LOG 12-07-28 11:00:58 拉取消息.
LOG 12-07-28 11:01:02 拉取消息.
LOG 12-07-28 11:01:10 拉取消息.
LOG 12-07-28 11:01:13 拉取消息.
LOG 12-07-28 11:01:49 拉取消息.
LOG 12-07-28 11:02:09 拉取消息.
LOG 12-07-28 11:02:19 拉取消息.
LOG 12-07-28 11:03:10 拉取消息.
LOG 12-07-28 11:04:01 拉取消息.
LOG 12-07-28 11:04:02 拉取消息.
LOG 12-07-28 11:04:44 拉取消息.
LOG 12-07-28 11:04:51 拉取消息.
LOG 12-07-28 11:04:56 拉取消息.
LOG 12-07-28 11:04:57 拉取消息.
LOG 12-07-28 11:05:08 拉取消息.
LOG 12-07-28 11:05:21 拉取消息.
LOG 12-07-28 11:05:31 拉取消息.
LOG 12-07-28 11:05:32 拉取消息.
LOG 12-07-28 11:05:40 拉取消息.
LOG 12-07-28 11:05:45 拉取消息.
LOG 12-07-28 11:05:56 拉取消息.
LOG 12-07-28 11:06:25 拉取消息.
LOG 12-07-28 11:06:31 拉取消息.
LOG 12-07-28 11:06:32 拉取消息.
LOG 12-07-28 11:07:07 拉取消息.
LOG 12-07-28 11:07:57 拉取消息.
LOG 12-07-28 11:08:46 拉取消息.
LOG 12-07-28 11:09:37 拉取消息.
LOG 12-07-28 11:10:13 初始化.
LOG 12-07-28 11:10:13 登陆检查.
LOG 12-07-28 11:10:13 不需要验证码
LOG 12-07-28 11:10:13 登陆.
LOG 12-07-28 11:10:13 开始登陆.
LOG 12-07-28 11:10:56 登陆成功.
LOG 12-07-28 11:10:56 获取好友信息.
LOG 12-07-28 11:10:56 获取好友列表.
LOG 12-07-28 11:10:57 获取分组信息.
LOG 12-07-28 11:10:57 获取在线好友.
LOG 12-07-28 11:11:06 getDiscuzListNew
LOG 12-07-28 11:11:06 getMessageTip
LOG 12-07-28 11:11:06 初始化.
LOG 12-07-28 11:11:06 登陆检查.
LOG 12-07-28 11:11:07 不需要验证码
LOG 12-07-28 11:11:07 登陆.
LOG 12-07-28 11:11:07 开始登陆.
LOG 12-07-28 11:11:10 登陆成功.
LOG 12-07-28 11:11:10 获取好友信息.
LOG 12-07-28 11:11:10 获取好友列表.
LOG 12-07-28 11:11:11 获取分组信息.
LOG 12-07-28 11:11:11 获取在线好友.
LOG 12-07-28 11:11:11 getDiscuzListNew
LOG 12-07-28 11:11:12 getMessageTip
LOG 12-07-28 11:11:12 拉取消息.
LOG 12-07-28 11:11:12 初始化.
LOG 12-07-28 11:11:12 登陆检查.
LOG 12-07-28 11:11:12 登陆.
LOG 12-07-28 11:11:12 拉取消息.
LOG 12-07-28 11:11:12 获取好友信息.
LOG 12-07-28 11:11:12 获取好友列表.
LOG 12-07-28 11:11:12 拉取消息.
LOG 12-07-28 11:11:13 拉取消息.
LOG 12-07-28 11:11:13 拉取消息.
LOG 12-07-28 11:11:47 拉取消息.
LOG 12-07-28 11:11:47 获取分组信息.
LOG 12-07-28 11:11:47 获取在线好友.
LOG 12-07-28 11:11:48 getDiscuzListNew
LOG 12-07-28 11:11:48 getMessageTip
LOG 12-07-28 11:11:50 拉取消息.
LOG 12-07-28 11:12:06 拉取消息.
LOG 12-07-28 11:12:48 getGroupInfoExt
LOG 12-07-28 11:11:06 拉取消息.
LOG 12-07-28 11:11:57 拉取消息.
LOG 12-07-28 11:12:48 拉取消息.
LOG 12-07-28 11:12:49 拉取消息.
LOG 12-07-28 11:13:05 拉取消息.
LOG 12-07-28 11:13:06 拉取消息.
LOG 12-07-28 11:23:50 初始化.
LOG 12-07-28 11:23:50 登陆检查.
LOG 12-07-28 11:23:50 不需要验证码
LOG 12-07-28 11:23:50 登陆.
LOG 12-07-28 11:23:50 开始登陆.
LOG 12-07-28 11:23:51 登陆成功.
LOG 12-07-28 11:23:51 获取好友信息.
LOG 12-07-28 11:23:51 获取好友列表.
LOG 12-07-28 11:23:55 获取分组信息.
LOG 12-07-28 11:23:55 获取在线好友.
LOG 12-07-28 11:23:55 getDiscuzListNew
LOG 12-07-28 11:23:55 getMessageTip
LOG 12-07-28 11:34:49 初始化.
LOG 12-07-28 11:34:49 登陆检查.
LOG 12-07-28 11:34:49 不需要验证码
LOG 12-07-28 11:34:49 准备登陆.
LOG 12-07-28 11:34:49 开始登陆.
LOG 12-07-28 11:35:40 登陆成功.
LOG 12-07-28 11:35:40 获取好友信息.
LOG 12-07-28 11:35:40 获取好友列表.
LOG 12-07-28 11:35:40 获取分组信息.
LOG 12-07-28 11:35:41 获取在线好友.
LOG 12-07-28 11:35:41 拉取消息.
LOG 12-07-28 11:35:41 拉取消息.
LOG 12-07-28 11:35:41 拉取消息.
LOG 12-07-28 11:35:42 拉取消息.
LOG 12-07-28 11:35:42 拉取消息.
LOG 12-07-28 11:35:42 拉取消息.
LOG 12-07-28 11:35:42 拉取消息.
LOG 12-07-28 11:35:43 拉取消息.
LOG 12-07-28 11:35:43 拉取消息.
LOG 12-07-28 11:35:43 拉取消息.
LOG 12-07-28 11:35:44 拉取消息.
LOG 12-07-28 11:35:44 拉取消息.
LOG 12-07-28 11:35:44 拉取消息.
LOG 12-07-28 11:35:44 拉取消息.
LOG 12-07-28 11:35:44 拉取消息.
LOG 12-07-28 11:35:45 拉取消息.
LOG 12-07-28 11:35:45 拉取消息.
LOG 12-07-28 11:35:45 拉取消息.
LOG 12-07-28 11:35:46 拉取消息.
LOG 12-07-28 11:35:46 拉取消息.
LOG 12-07-28 11:35:46 拉取消息.
LOG 12-07-28 11:35:46 拉取消息.
LOG 12-07-28 11:35:46 拉取消息.
LOG 12-07-28 11:35:47 拉取消息.
LOG 12-07-28 11:35:47 拉取消息.
LOG 12-07-28 11:35:47 拉取消息.
LOG 12-07-28 11:35:47 拉取消息.
LOG 12-07-28 11:35:47 拉取消息.
LOG 12-07-28 11:35:48 拉取消息.
LOG 12-07-28 11:35:48 拉取消息.
LOG 12-07-28 11:35:48 拉取消息.
LOG 12-07-28 11:35:49 拉取消息.
LOG 12-07-28 11:35:49 拉取消息.
LOG 12-07-28 11:35:49 拉取消息.
LOG 12-07-28 11:35:49 拉取消息.
LOG 12-07-28 11:35:50 拉取消息.
LOG 12-07-28 11:35:50 拉取消息.
LOG 12-07-28 11:35:50 拉取消息.
LOG 12-07-28 11:35:51 拉取消息.
LOG 12-07-28 11:35:51 拉取消息.
LOG 12-07-28 11:35:51 拉取消息.
LOG 12-07-28 11:35:51 拉取消息.
LOG 12-07-28 11:35:52 拉取消息.
LOG 12-07-28 11:35:52 拉取消息.
LOG 12-07-28 11:35:52 拉取消息.
LOG 12-07-28 11:35:53 拉取消息.
LOG 12-07-28 11:35:53 拉取消息.
LOG 12-07-28 11:35:53 拉取消息.
LOG 12-07-28 11:35:53 拉取消息.
LOG 12-07-28 11:35:53 拉取消息.
LOG 12-07-28 11:35:54 拉取消息.
LOG 12-07-28 11:35:54 拉取消息.
LOG 12-07-28 11:35:54 拉取消息.
LOG 12-07-28 11:35:54 拉取消息.
LOG 12-07-28 11:35:54 拉取消息.
LOG 12-07-28 11:35:55 拉取消息.
LOG 12-07-28 11:35:55 拉取消息.
LOG 12-07-28 11:35:55 拉取消息.
LOG 12-07-28 11:35:56 拉取消息.
LOG 12-07-28 11:35:56 拉取消息.
LOG 12-07-28 11:35:56 拉取消息.
LOG 12-07-28 11:35:57 拉取消息.
LOG 12-07-28 11:35:57 拉取消息.
LOG 12-07-28 11:35:57 拉取消息.
LOG 12-07-28 11:35:57 拉取消息.
LOG 12-07-28 11:35:57 拉取消息.
LOG 12-07-28 11:35:57 拉取消息.
LOG 12-07-28 11:35:57 拉取消息.
LOG 12-07-28 11:35:58 拉取消息.
LOG 12-07-28 11:35:58 拉取消息.
LOG 12-07-28 11:35:58 拉取消息.
LOG 12-07-28 11:35:58 拉取消息.
LOG 12-07-28 11:35:59 拉取消息.
LOG 12-07-28 11:35:59 拉取消息.
LOG 12-07-28 11:35:59 拉取消息.
LOG 12-07-28 11:35:59 拉取消息.
LOG 12-07-28 11:35:59 拉取消息.
LOG 12-07-28 11:36:00 拉取消息.
LOG 12-07-28 11:36:00 拉取消息.
LOG 12-07-28 11:36:00 拉取消息.
LOG 12-07-28 11:36:00 拉取消息.
LOG 12-07-28 11:36:00 拉取消息.
LOG 12-07-28 11:36:01 拉取消息.
LOG 12-07-28 11:36:01 拉取消息.
LOG 12-07-28 11:36:01 拉取消息.
LOG 12-07-28 11:36:01 拉取消息.
LOG 12-07-28 11:36:01 拉取消息.
LOG 12-07-28 11:36:01 拉取消息.
LOG 12-07-28 11:36:02 拉取消息.
LOG 12-07-28 11:36:09 初始化.
LOG 12-07-28 11:36:09 登陆检查.
LOG 12-07-28 11:36:09 不需要验证码
LOG 12-07-28 11:36:09 准备登陆.
LOG 12-07-28 11:36:10 开始登陆.
LOG 12-07-28 11:36:10 登陆成功.
LOG 12-07-28 11:36:10 获取好友信息.
LOG 12-07-28 11:36:10 获取好友列表.
LOG 12-07-28 11:36:10 获取分组信息.
LOG 12-07-28 11:36:11 获取在线好友.
LOG 12-07-28 11:36:11 getDiscuzListNew
LOG 12-07-28 11:36:11 getMessageTip
LOG 12-07-28 11:36:46 初始化.
LOG 12-07-28 11:36:46 登陆检查.
LOG 12-07-28 11:36:46 不需要验证码
LOG 12-07-28 11:36:46 准备登陆.
LOG 12-07-28 11:36:46 开始登陆.
LOG 12-07-28 11:36:46 登陆成功.
LOG 12-07-28 11:36:46 获取好友信息.
LOG 12-07-28 11:36:47 获取好友列表.
LOG 12-07-28 11:36:47 获取分组信息.
LOG 12-07-28 11:36:47 获取在线好友.
LOG 12-07-28 11:36:47 getDiscuzListNew
LOG 12-07-28 11:36:47 getMessageTip
LOG 12-07-28 11:36:48 拉取消息.
LOG 12-07-28 11:37:31 拉取消息.
LOG 12-07-28 11:37:41 拉取消息.
LOG 12-07-28 11:38:12 初始化.
LOG 12-07-28 11:38:13 登陆检查.
LOG 12-07-28 11:38:13 不需要验证码
LOG 12-07-28 11:38:13 准备登陆.
LOG 12-07-28 11:38:13 开始登陆.
LOG 12-07-28 11:38:13 登陆成功.
LOG 12-07-28 11:38:13 获取好友信息.
LOG 12-07-28 11:38:13 获取好友列表.
LOG 12-07-28 11:38:14 获取分组信息.
LOG 12-07-28 11:38:14 获取在线好友.
LOG 12-07-28 11:38:14 getDiscuzListNew
LOG 12-07-28 11:38:15 getMessageTip
LOG 12-07-28 11:38:54 初始化.
LOG 12-07-28 11:38:55 登陆检查.
LOG 12-07-28 11:38:55 不需要验证码
LOG 12-07-28 11:38:55 准备登陆.
LOG 12-07-28 11:38:55 开始登陆.
LOG 12-07-28 11:38:55 登陆成功.
LOG 12-07-28 11:38:55 获取好友信息.
LOG 12-07-28 11:38:55 获取好友列表.
LOG 12-07-28 11:38:56 获取分组信息.
LOG 12-07-28 11:38:56 获取在线好友.
LOG 12-07-28 11:38:56 getDiscuzListNew
LOG 12-07-28 11:38:56 getMessageTip
LOG 12-07-28 11:40:00 初始化.
LOG 12-07-28 11:40:00 登陆检查.
LOG 12-07-28 11:40:00 不需要验证码
LOG 12-07-28 11:40:00 准备登陆.
LOG 12-07-28 11:40:01 开始登陆.
LOG 12-07-28 11:40:01 登陆成功.
LOG 12-07-28 11:40:01 获取好友信息.
LOG 12-07-28 11:40:01 获取好友列表.
LOG 12-07-28 11:40:01 获取分组信息.
LOG 12-07-28 11:40:02 获取在线好友.
LOG 12-07-28 11:40:02 getDiscuzListNew
LOG 12-07-28 11:40:02 getMessageTip
LOG 12-07-28 11:49:09 初始化.
LOG 12-07-28 11:49:09 登陆检查.
LOG 12-07-28 11:49:09 不需要验证码
LOG 12-07-28 11:49:09 准备登陆.
LOG 12-07-28 11:49:10 开始登陆.
LOG 12-07-28 11:49:10 登陆成功.
LOG 12-07-28 11:49:10 获取好友信息.
LOG 12-07-28 11:49:10 获取好友列表.
LOG 12-07-28 11:49:11 获取分组信息.
LOG 12-07-28 11:49:59 初始化.
LOG 12-07-28 11:49:59 登陆检查.
LOG 12-07-28 11:50:00 不需要验证码
LOG 12-07-28 11:50:00 准备登陆.
LOG 12-07-28 11:50:00 开始登陆.
LOG 12-07-28 11:50:01 登陆成功.
LOG 12-07-28 11:50:01 获取好友信息.
LOG 12-07-28 11:50:01 获取好友列表.
LOG 12-07-28 11:50:01 获取分组信息.
LOG 12-07-28 11:51:31 初始化.
LOG 12-07-28 11:51:31 登陆检查.
LOG 12-07-28 11:51:31 不需要验证码
LOG 12-07-28 11:51:31 准备登陆.
LOG 12-07-28 11:51:32 开始登陆.
LOG 12-07-28 11:51:32 登陆成功.
LOG 12-07-28 11:51:32 获取好友信息.
LOG 12-07-28 11:51:33 获取好友列表.
LOG 12-07-28 11:51:33 获取分组信息.
LOG 12-07-28 11:52:57 初始化.
LOG 12-07-28 11:52:57 登陆检查.
LOG 12-07-28 11:52:57 不需要验证码
LOG 12-07-28 11:52:57 准备登陆.
LOG 12-07-28 11:52:57 开始登陆.
LOG 12-07-28 11:52:58 登陆成功.
LOG 12-07-28 11:52:58 获取好友信息.
LOG 12-07-28 11:52:58 获取好友列表.
LOG 12-07-28 11:52:58 获取分组信息.
LOG 12-07-28 11:53:01 获取在线好友.
LOG 12-07-28 11:53:01 getDiscuzListNew
LOG 12-07-28 11:53:02 getMessageTip
LOG 12-07-28 11:53:27 初始化.
LOG 12-07-28 11:53:27 登陆检查.
LOG 12-07-28 11:53:30 不需要验证码
LOG 12-07-28 11:53:30 准备登陆.
LOG 12-07-28 11:53:30 开始登陆.
LOG 12-07-28 11:53:30 登陆成功.
LOG 12-07-28 11:53:30 获取好友信息.
LOG 12-07-28 11:53:31 获取好友列表.
LOG 12-07-28 11:53:31 获取分组信息.
LOG 12-07-28 11:53:31 获取在线好友.
LOG 12-07-28 11:53:32 getDiscuzListNew
LOG 12-07-28 11:53:32 getMessageTip
LOG 12-07-28 11:53:32 拉取消息.
LOG 12-07-28 11:53:38 拉取消息.
LOG 12-07-28 11:53:44 拉取消息.
LOG 12-07-28 11:53:54 拉取消息.
LOG 12-07-28 11:53:55 拉取消息.
LOG 12-07-28 11:54:07 拉取消息.
LOG 12-07-28 12:04:11 机器名是：x
LOG 12-07-28 12:04:11 初始化.
LOG 12-07-28 12:04:11 登陆检查.
LOG 12-07-28 12:04:11 不需要验证码
LOG 12-07-28 12:04:11 准备登陆.
LOG 12-07-28 12:04:11 开始登陆.
LOG 12-07-28 12:04:11 登陆成功.
LOG 12-07-28 12:04:11 获取好友信息.
LOG 12-07-28 12:04:12 获取好友列表.
LOG 12-07-28 12:04:12 获取分组信息.
LOG 12-07-28 12:04:12 获取在线好友.
LOG 12-07-28 12:04:12 getDiscuzListNew
LOG 12-07-28 12:04:13 getMessageTip
LOG 12-07-28 12:04:13 拉取消息.
LOG 12-07-28 12:04:21 拉取消息.
LOG 12-07-28 12:04:22 拉取消息.
LOG 12-07-28 12:04:24 拉取消息.
LOG 12-07-28 12:04:26 拉取消息.
LOG 12-07-28 12:04:27 拉取消息.
LOG 12-07-28 12:04:29 拉取消息.
LOG 12-07-28 12:04:51 拉取消息.
LOG 12-07-28 12:05:04 机器名是：x
LOG 12-07-28 12:05:04 初始化.
LOG 12-07-28 12:05:04 登陆检查.
LOG 12-07-28 12:05:04 不需要验证码
LOG 12-07-28 12:05:04 准备登陆.
LOG 12-07-28 12:05:04 开始登陆.
LOG 12-07-28 12:05:04 登陆成功.
LOG 12-07-28 12:05:04 获取好友信息.
LOG 12-07-28 12:05:04 获取好友列表.
LOG 12-07-28 12:05:05 获取分组信息.
LOG 12-07-28 12:05:05 获取在线好友.
LOG 12-07-28 12:05:05 getDiscuzListNew
LOG 12-07-28 12:05:50 机器名是：a
LOG 12-07-28 12:05:50 初始化.
LOG 12-07-28 12:05:50 登陆检查.
LOG 12-07-28 12:05:50 不需要验证码
LOG 12-07-28 12:05:50 准备登陆.
LOG 12-07-28 12:05:51 开始登陆.
LOG 12-07-28 12:05:51 登陆成功.
LOG 12-07-28 12:05:51 获取好友信息.
LOG 12-07-28 12:05:51 获取好友列表.
LOG 12-07-28 12:05:51 获取分组信息.
LOG 12-07-28 12:05:52 获取在线好友.
LOG 12-07-28 12:05:52 getDiscuzListNew
LOG 12-07-28 12:05:56 getMessageTip
LOG 12-07-28 12:05:56 拉取消息.
LOG 12-07-28 12:06:04 拉取消息.
LOG 12-07-28 12:05:52 getMessageTip
LOG 12-07-28 12:05:52 拉取消息.
LOG 12-07-28 12:06:10 拉取消息.
LOG 12-07-28 12:07:04 机器名是：x
LOG 12-07-28 12:07:04 初始化.
LOG 12-07-28 12:07:04 登陆检查.
LOG 12-07-28 12:07:04 不需要验证码
LOG 12-07-28 12:07:04 准备登陆.
LOG 12-07-28 12:07:05 开始登陆.
LOG 12-07-28 12:07:05 登陆成功.
LOG 12-07-28 12:07:05 获取好友信息.
LOG 12-07-28 12:07:05 获取好友列表.
LOG 12-07-28 12:07:06 获取分组信息.
LOG 12-07-28 12:07:06 获取在线好友.
LOG 12-07-28 12:07:06 getDiscuzListNew
LOG 12-07-28 12:07:06 getMessageTip
LOG 12-07-28 12:07:06 拉取消息.
LOG 12-07-28 12:07:16 getGroupInfoExt
LOG 12-07-28 12:06:34 getGroupInfoExt
LOG 12-07-28 12:06:35 拉取消息.
LOG 12-07-28 12:07:26 拉取消息.
LOG 12-07-28 12:07:28 拉取消息.
LOG 12-07-28 12:07:30 拉取消息.
LOG 12-07-28 12:07:46 拉取消息.
LOG 12-07-28 12:07:17 拉取消息.
LOG 12-07-28 12:08:07 拉取消息.
LOG 12-07-28 12:08:16 拉取消息.
LOG 12-07-28 12:08:20 拉取消息.
LOG 12-07-28 12:08:22 拉取消息.
LOG 12-07-28 12:08:22 拉取消息.
LOG 12-07-28 12:07:58 拉取消息.
LOG 12-07-28 12:08:48 拉取消息.
LOG 12-07-28 12:08:50 拉取消息.
LOG 12-07-28 12:08:57 机器名是：x
LOG 12-07-28 12:08:57 初始化.
LOG 12-07-28 12:08:57 登陆检查.
LOG 12-07-28 12:08:57 不需要验证码
LOG 12-07-28 12:08:57 准备登陆.
LOG 12-07-28 12:08:58 开始登陆.
LOG 12-07-28 12:08:58 登陆成功.
LOG 12-07-28 12:08:58 获取好友信息.
LOG 12-07-28 12:08:58 获取好友列表.
LOG 12-07-28 12:08:58 获取分组信息.
LOG 12-07-28 12:08:59 获取在线好友.
LOG 12-07-28 12:08:59 getDiscuzListNew
LOG 12-07-28 12:09:16 机器名是：x
LOG 12-07-28 12:09:16 初始化.
LOG 12-07-28 12:09:16 登陆检查.
LOG 12-07-28 12:09:16 不需要验证码
LOG 12-07-28 12:09:16 准备登陆.
LOG 12-07-28 12:09:17 开始登陆.
LOG 12-07-28 12:09:17 登陆成功.
LOG 12-07-28 12:09:17 获取好友信息.
LOG 12-07-28 12:09:17 获取好友列表.
LOG 12-07-28 12:08:27 拉取消息.
LOG 12-07-28 12:09:17 拉取消息.
LOG 12-07-28 12:09:17 拉取消息.
LOG 12-07-28 12:09:18 获取分组信息.
LOG 12-07-28 12:09:18 获取在线好友.
LOG 12-07-28 12:09:18 getDiscuzListNew
LOG 12-07-28 12:09:18 拉取消息.
LOG 12-07-28 12:09:18 拉取消息.
LOG 12-07-28 12:09:19 拉取消息.
LOG 12-07-28 12:09:18 getMessageTip
LOG 12-07-28 12:09:18 注销.
LOG 12-07-28 12:09:19 拉取消息.
LOG 12-07-28 12:09:19 拉取消息.
LOG 12-07-28 12:09:19 拉取消息.
LOG 12-07-28 12:09:20 拉取消息.
LOG 12-07-28 12:09:19 拉取消息.
LOG 12-07-28 12:09:19 拉取消息.
LOG 12-07-28 12:09:20 拉取消息.
LOG 12-07-28 12:09:20 拉取消息.
LOG 12-07-28 12:09:20 拉取消息.
LOG 12-07-28 12:09:21 拉取消息.
LOG 12-07-28 12:09:21 拉取消息.
LOG 12-07-28 12:09:21 拉取消息.
LOG 12-07-28 12:09:22 拉取消息.
LOG 12-07-28 12:09:46 机器名是：x
LOG 12-07-28 12:09:46 初始化.
LOG 12-07-28 12:09:46 登陆检查.
LOG 12-07-28 12:09:46 不需要验证码
LOG 12-07-28 12:09:46 准备登陆.
LOG 12-07-28 12:09:46 开始登陆.
LOG 12-07-28 12:09:46 登陆成功.
LOG 12-07-28 12:09:46 获取好友信息.
LOG 12-07-28 12:09:47 获取好友列表.
LOG 12-07-28 12:09:47 获取分组信息.
LOG 12-07-28 12:09:47 获取在线好友.
LOG 12-07-28 12:09:47 getDiscuzListNew
LOG 12-07-28 12:09:48 getMessageTip
LOG 12-07-28 12:09:48 拉取消息.
LOG 12-07-28 12:09:58 getGroupInfoExt
LOG 12-07-28 12:30:46 机器名是：x
LOG 12-07-28 12:30:46 初始化.
LOG 12-07-28 12:30:46 登陆检查.
LOG 12-07-28 12:30:46 不需要验证码
LOG 12-07-28 12:30:46 准备登陆.
LOG 12-07-28 12:30:46 开始登陆.
LOG 12-07-28 12:30:47 登陆成功.
LOG 12-07-28 12:30:47 获取好友信息.
LOG 12-07-28 12:30:47 获取好友列表.
LOG 12-07-28 12:30:47 获取分组信息.
LOG 12-07-28 12:30:48 获取在线好友.
LOG 12-07-28 12:30:48 getDiscuzListNew
LOG 12-07-28 12:32:27 机器名是：x
LOG 12-07-28 12:32:28 初始化.
LOG 12-07-28 12:32:28 登陆检查.
LOG 12-07-28 12:32:28 不需要验证码
LOG 12-07-28 12:32:28 准备登陆.
LOG 12-07-28 12:32:28 开始登陆.
LOG 12-07-28 12:32:28 登陆成功.
LOG 12-07-28 12:32:28 获取好友信息.
LOG 12-07-28 12:32:28 获取好友列表.
LOG 12-07-28 12:32:29 获取分组信息.
LOG 12-07-28 12:32:29 获取在线好友.
LOG 12-07-28 12:32:29 getDiscuzListNew
LOG 12-07-28 12:33:00 机器名是：x
LOG 12-07-28 12:33:00 初始化.
LOG 12-07-28 12:33:00 登陆检查.
LOG 12-07-28 12:33:00 不需要验证码
LOG 12-07-28 12:33:00 准备登陆.
LOG 12-07-28 12:33:01 开始登陆.
LOG 12-07-28 12:33:01 登陆成功.
LOG 12-07-28 12:33:01 获取好友信息.
LOG 12-07-28 12:33:01 获取好友列表.
LOG 12-07-28 12:33:01 获取分组信息.
LOG 12-07-28 12:33:02 获取在线好友.
LOG 12-07-28 12:33:02 getDiscuzListNew
LOG 12-07-28 12:33:15 机器名是：x
LOG 12-07-28 12:33:15 初始化.
LOG 12-07-28 12:33:15 登陆检查.
LOG 12-07-28 12:33:15 不需要验证码
LOG 12-07-28 12:33:15 准备登陆.
LOG 12-07-28 12:33:15 开始登陆.
LOG 12-07-28 12:33:16 登陆成功.
LOG 12-07-28 12:33:16 获取好友信息.
LOG 12-07-28 12:33:16 获取好友列表.
LOG 12-07-28 12:33:16 获取分组信息.
LOG 12-07-28 12:33:16 获取在线好友.
LOG 12-07-28 12:33:17 getDiscuzListNew
LOG 12-07-28 12:33:17 getMessageTip
LOG 12-07-28 12:33:17 拉取消息.
LOG 12-07-28 12:34:07 拉取消息.
LOG 12-07-28 12:34:58 拉取消息.
LOG 12-07-28 12:35:49 拉取消息.
LOG 12-07-28 12:36:39 拉取消息.
LOG 12-07-28 12:37:30 拉取消息.
LOG 12-07-28 12:38:20 拉取消息.
LOG 12-07-28 12:39:11 拉取消息.
LOG 12-07-28 12:40:01 拉取消息.
LOG 12-07-28 12:40:52 拉取消息.
LOG 12-07-28 12:41:43 拉取消息.
LOG 12-07-28 12:41:55 机器名是：x
LOG 12-07-28 12:41:55 初始化.
LOG 12-07-28 12:41:55 登陆检查.
LOG 12-07-28 12:41:56 不需要验证码
LOG 12-07-28 12:41:56 准备登陆.
LOG 12-07-28 12:41:56 开始登陆.
LOG 12-07-28 12:41:56 登陆成功.
LOG 12-07-28 12:41:56 获取好友信息.
LOG 12-07-28 12:41:56 获取好友列表.
LOG 12-07-28 12:41:57 获取分组信息.
LOG 12-07-28 12:41:57 获取在线好友.
LOG 12-07-28 12:41:57 getDiscuzListNew
LOG 12-07-28 12:41:57 getMessageTip
LOG 12-07-28 12:41:58 拉取消息.
LOG 12-07-28 12:42:28 拉取消息.
LOG 12-07-28 12:43:25 机器名是：x
LOG 12-07-28 12:43:25 初始化.
LOG 12-07-28 12:43:25 登陆检查.
LOG 12-07-28 12:43:25 不需要验证码
LOG 12-07-28 12:43:25 准备登陆.
LOG 12-07-28 12:43:25 开始登陆.
LOG 12-07-28 12:43:25 登陆成功.
LOG 12-07-28 12:43:25 获取好友信息.
LOG 12-07-28 12:43:26 获取好友列表.
LOG 12-07-28 12:43:26 获取分组信息.
LOG 12-07-28 12:43:26 获取在线好友.
LOG 12-07-28 12:43:27 getDiscuzListNew
LOG 12-07-28 12:43:27 getMessageTip
LOG 12-07-28 12:43:27 拉取消息.
LOG 12-07-28 12:44:17 拉取消息.
LOG 12-07-28 12:44:18 拉取消息.
LOG 12-07-28 12:45:08 拉取消息.
LOG 12-07-28 12:45:22 拉取消息.
LOG 12-07-28 12:45:22 拉取消息.
LOG 12-07-28 12:45:23 拉取消息.
LOG 12-07-28 12:45:23 拉取消息.
LOG 12-07-28 12:45:24 拉取消息.
LOG 12-07-28 12:45:24 拉取消息.
LOG 12-07-28 12:45:24 拉取消息.
LOG 12-07-28 12:48:42 机器名是：x
LOG 12-07-28 12:48:42 初始化.
LOG 12-07-28 12:48:42 登陆检查.
LOG 12-07-28 12:48:43 不需要验证码
LOG 12-07-28 12:48:43 准备登陆.
LOG 12-07-28 12:48:43 开始登陆.
LOG 12-07-28 12:48:43 登陆成功.
LOG 12-07-28 12:48:43 获取好友信息.
LOG 12-07-28 12:48:44 获取好友列表.
LOG 12-07-28 12:48:44 获取分组信息.
LOG 12-07-28 12:48:44 获取在线好友.
LOG 12-07-28 12:48:44 getDiscuzListNew
LOG 12-07-28 12:48:45 getMessageTip
LOG 12-07-28 12:48:45 拉取消息.
LOG 12-07-28 12:49:35 拉取消息.
LOG 12-07-28 12:49:42 getGroupInfoExt
LOG 12-07-28 12:49:43 拉取消息.
LOG 12-07-28 12:50:33 拉取消息.
LOG 12-07-28 12:51:24 拉取消息.
LOG 12-07-28 12:52:14 拉取消息.
LOG 12-07-28 12:53:05 拉取消息.
LOG 12-07-28 12:55:15 机器名是：x
LOG 12-07-28 12:55:15 初始化.
LOG 12-07-28 12:55:15 登陆检查.
LOG 12-07-28 12:55:15 不需要验证码
LOG 12-07-28 12:55:15 准备登陆.
LOG 12-07-28 12:55:15 开始登陆.
LOG 12-07-28 12:55:16 登陆成功.
LOG 12-07-28 12:55:16 获取好友信息.
LOG 12-07-28 12:55:16 获取好友列表.
LOG 12-07-28 12:55:16 获取分组信息.
LOG 12-07-28 12:55:16 获取在线好友.
LOG 12-07-28 12:55:17 getDiscuzListNew
LOG 12-07-28 12:55:37 机器名是：x
LOG 12-07-28 12:55:37 初始化.
LOG 12-07-28 12:55:37 登陆检查.
LOG 12-07-28 12:55:37 不需要验证码
LOG 12-07-28 12:55:37 准备登陆.
LOG 12-07-28 12:55:38 开始登陆.
LOG 12-07-28 12:55:38 登陆成功.
LOG 12-07-28 12:55:38 获取好友信息.
LOG 12-07-28 12:55:38 获取好友列表.
LOG 12-07-28 12:55:39 获取分组信息.
LOG 12-07-28 12:55:39 获取在线好友.
LOG 12-07-28 12:55:39 getDiscuzListNew
LOG 12-07-28 12:57:57 机器名是：x
LOG 12-07-28 12:57:57 初始化.
LOG 12-07-28 12:57:57 登陆检查.
LOG 12-07-28 12:57:57 不需要验证码
LOG 12-07-28 12:57:57 准备登陆.
LOG 12-07-28 12:57:57 开始登陆.
LOG 12-07-28 12:57:57 登陆成功.
LOG 12-07-28 12:57:57 获取好友信息.
LOG 12-07-28 12:57:58 获取好友列表.
LOG 12-07-28 12:57:58 获取分组信息.
LOG 12-07-28 12:57:58 获取在线好友.
LOG 12-07-28 12:57:59 getDiscuzListNew
LOG 12-07-28 12:58:31 机器名是：x
LOG 12-07-28 12:58:31 初始化.
LOG 12-07-28 12:58:31 登陆检查.
LOG 12-07-28 12:58:31 不需要验证码
LOG 12-07-28 12:58:31 准备登陆.
LOG 12-07-28 12:58:31 开始登陆.
LOG 12-07-28 12:58:32 登陆成功.
LOG 12-07-28 12:58:32 获取好友信息.
LOG 12-07-28 12:58:32 获取好友列表.
LOG 12-07-28 12:58:32 获取分组信息.
LOG 12-07-28 12:58:33 获取在线好友.
LOG 12-07-28 12:58:33 getDiscuzListNew
LOG 12-07-28 12:59:24 机器名是：x
LOG 12-07-28 12:59:24 初始化.
LOG 12-07-28 12:59:24 登陆检查.
LOG 12-07-28 12:59:24 不需要验证码
LOG 12-07-28 12:59:24 准备登陆.
LOG 12-07-28 12:59:25 开始登陆.
LOG 12-07-28 12:59:25 登陆成功.
LOG 12-07-28 12:59:25 获取好友信息.
LOG 12-07-28 12:59:25 获取好友列表.
LOG 12-07-28 12:59:29 获取分组信息.
LOG 12-07-28 12:59:29 获取在线好友.
LOG 12-07-28 12:59:29 getDiscuzListNew
LOG 12-07-28 12:59:34 机器名是：x
LOG 12-07-28 12:59:34 初始化.
LOG 12-07-28 12:59:34 登陆检查.
LOG 12-07-28 12:59:35 不需要验证码
LOG 12-07-28 12:59:35 准备登陆.
LOG 12-07-28 12:59:38 开始登陆.
LOG 12-07-28 12:59:38 登陆成功.
LOG 12-07-28 12:59:38 获取好友信息.
LOG 12-07-28 12:59:38 获取好友列表.
LOG 12-07-28 12:59:48 获取分组信息.
LOG 12-07-28 12:59:48 获取在线好友.
LOG 12-07-28 12:59:49 getDiscuzListNew
LOG 12-07-28 13:01:14 机器名是：x
LOG 12-07-28 13:01:14 初始化.
LOG 12-07-28 13:01:14 登陆检查.
LOG 12-07-28 13:01:14 不需要验证码
LOG 12-07-28 13:01:14 准备登陆.
LOG 12-07-28 13:01:15 开始登陆.
LOG 12-07-28 13:01:32 机器名是：x
LOG 12-07-28 13:01:32 初始化.
LOG 12-07-28 13:01:32 登陆检查.
LOG 12-07-28 13:01:32 不需要验证码
LOG 12-07-28 13:01:32 准备登陆.
LOG 12-07-28 13:01:32 开始登陆.
LOG 12-07-28 13:01:45 机器名是：x
LOG 12-07-28 13:01:45 初始化.
LOG 12-07-28 13:01:45 登陆检查.
LOG 12-07-28 13:01:45 不需要验证码
LOG 12-07-28 13:01:45 准备登陆.
LOG 12-07-28 13:01:46 开始登陆.
LOG 12-07-28 13:01:46 登陆成功.
LOG 12-07-28 13:01:46 获取好友信息.
LOG 12-07-28 13:01:46 获取好友列表.
LOG 12-07-28 13:01:47 获取分组信息.
LOG 12-07-28 13:01:47 获取在线好友.
LOG 12-07-28 13:01:47 getDiscuzListNew
LOG 12-07-28 13:02:49 机器名是：x
LOG 12-07-28 13:02:49 初始化.
LOG 12-07-28 13:02:49 登陆检查.
LOG 12-07-28 13:02:49 不需要验证码
LOG 12-07-28 13:02:49 准备登陆.
LOG 12-07-28 13:02:50 开始登陆.
LOG 12-07-28 13:02:50 登陆成功.
LOG 12-07-28 13:02:50 获取好友信息.
LOG 12-07-28 13:02:50 获取好友列表.
LOG 12-07-28 13:02:51 获取分组信息.
LOG 12-07-28 13:02:51 获取在线好友.
LOG 12-07-28 13:02:51 getDiscuzListNew
LOG 12-07-28 13:12:07 机器名是：x
LOG 12-07-28 13:12:07 初始化.
LOG 12-07-28 13:12:07 登陆检查.
LOG 12-07-28 13:12:07 不需要验证码
LOG 12-07-28 13:12:07 准备登陆.
LOG 12-07-28 13:12:07 开始登陆.
LOG 12-07-28 13:12:07 登陆成功.
LOG 12-07-28 13:12:07 获取好友信息.
LOG 12-07-28 13:12:08 获取好友列表.
LOG 12-07-28 13:12:08 获取分组信息.
LOG 12-07-28 13:12:08 获取在线好友.
LOG 12-07-28 13:12:09 getDiscuzListNew
LOG 12-07-28 13:17:28 机器名是：x
LOG 12-07-28 13:17:28 初始化.
LOG 12-07-28 13:17:28 登陆检查.
LOG 12-07-28 13:17:29 不需要验证码
LOG 12-07-28 13:17:29 准备登陆.
LOG 12-07-28 13:17:29 开始登陆.
LOG 12-07-28 13:17:29 登陆成功.
LOG 12-07-28 13:17:29 获取好友信息.
LOG 12-07-28 13:17:30 获取好友列表.
LOG 12-07-28 13:17:30 获取分组信息.
LOG 12-07-28 13:17:30 获取在线好友.
LOG 12-07-28 13:17:31 getDiscuzListNew
LOG 12-07-28 13:21:03 机器名是：x
LOG 12-07-28 13:21:03 初始化.
LOG 12-07-28 13:21:03 登陆检查.
LOG 12-07-28 13:21:04 不需要验证码
LOG 12-07-28 13:21:04 准备登陆.
LOG 12-07-28 13:21:04 开始登陆.
LOG 12-07-28 13:21:04 登陆成功.
LOG 12-07-28 13:21:04 获取好友信息.
LOG 12-07-28 13:21:04 获取好友列表.
LOG 12-07-28 13:21:05 获取分组信息.
LOG 12-07-28 13:21:05 获取在线好友.
LOG 12-07-28 13:21:05 getDiscuzListNew
LOG 12-07-28 13:21:06 getMessageTip
LOG 12-07-28 13:21:06 拉取消息.
LOG 12-07-28 13:21:56 拉取消息.
LOG 12-07-28 13:22:47 拉取消息.
LOG 12-07-28 13:23:37 拉取消息.
LOG 12-07-28 13:24:28 拉取消息.
LOG 12-07-28 13:24:53 机器名是：x
LOG 12-07-28 13:24:53 初始化.
LOG 12-07-28 13:24:53 登陆检查.
LOG 12-07-28 13:24:53 不需要验证码
LOG 12-07-28 13:24:53 准备登陆.
LOG 12-07-28 13:24:53 开始登陆.
LOG 12-07-28 13:24:53 登陆成功.
LOG 12-07-28 13:24:53 获取好友信息.
LOG 12-07-28 13:24:54 获取好友列表.
LOG 12-07-28 13:24:54 获取分组信息.
LOG 12-07-28 13:24:54 获取在线好友.
LOG 12-07-28 13:24:54 getDiscuzListNew
LOG 12-07-28 13:24:54 getMessageTip
LOG 12-07-28 13:24:54 拉取消息.
LOG 12-07-28 13:25:45 拉取消息.
LOG 12-07-28 13:25:56 机器名是：x
LOG 12-07-28 13:25:56 初始化.
LOG 12-07-28 13:25:56 登陆检查.
LOG 12-07-28 13:25:56 不需要验证码
LOG 12-07-28 13:25:56 准备登陆.
LOG 12-07-28 13:25:56 开始登陆.
LOG 12-07-28 13:25:57 登陆成功.
LOG 12-07-28 13:25:57 获取好友信息.
LOG 12-07-28 13:25:57 获取好友列表.
LOG 12-07-28 13:25:57 获取分组信息.
LOG 12-07-28 13:25:58 获取在线好友.
LOG 12-07-28 13:25:58 getDiscuzListNew
LOG 12-07-28 13:26:36 拉取消息.
LOG 12-07-28 13:27:26 拉取消息.
LOG 12-07-28 13:27:27 拉取消息.
LOG 12-07-28 13:28:17 拉取消息.
LOG 12-07-28 13:28:45 拉取消息.
LOG 12-07-28 13:29:36 拉取消息.
LOG 12-07-28 13:52:59 哄ㄥ锛x
LOG 12-07-28 13:52:59 濮.
LOG 12-07-28 13:52:59 婚妫.
LOG 12-07-28 13:52:59 涓瑕楠璇
LOG 12-07-28 13:52:59 澶婚.
LOG 12-07-28 13:53:00 寮濮婚.
LOG 12-07-28 13:53:00 婚.
LOG 12-07-28 13:53:00 峰濂藉淇℃.
LOG 12-07-28 13:53:00 峰濂藉琛.
LOG 12-07-28 13:53:01 峰缁淇℃.
LOG 12-07-28 13:53:01 峰ㄧ嚎濂藉.
LOG 12-07-28 13:53:01 getDiscuzListNew
LOG 12-07-28 13:53:02 getMessageTip
LOG 12-07-28 13:53:02 娑.
LOG 12-07-28 13:53:06 getGroupInfoExt
LOG 12-07-28 13:54:19 哄ㄥ锛x
LOG 12-07-28 13:54:19 濮.
LOG 12-07-28 13:54:19 婚妫.
LOG 12-07-28 13:54:19 涓瑕楠璇
LOG 12-07-28 13:54:19 澶婚.
LOG 12-07-28 13:54:20 寮濮婚.
LOG 12-07-28 13:54:20 婚.
LOG 12-07-28 13:54:20 峰濂藉淇℃.
LOG 12-07-28 13:54:21 峰濂藉琛.
LOG 12-07-28 13:54:21 峰缁淇℃.
LOG 12-07-28 13:54:21 峰ㄧ嚎濂藉.
LOG 12-07-28 13:54:22 getDiscuzListNew
LOG 12-07-28 13:54:22 getMessageTip
LOG 12-07-28 13:54:22 娑.
LOG 12-07-28 13:55:12 娑.
LOG 12-07-28 13:56:02 娑.
LOG 12-07-28 13:56:52 娑.
LOG 12-07-28 13:57:42 娑.
LOG 12-07-28 13:58:09 getGroupInfoExt
LOG 12-07-28 13:58:10 娑.
LOG 12-07-28 13:59:00 娑.
LOG 12-07-28 13:59:50 娑.
LOG 12-07-28 14:00:40 娑.
LOG 12-07-28 14:01:30 娑.
LOG 12-07-28 14:02:21 娑.
LOG 12-07-28 14:03:11 娑.
LOG 12-07-28 14:04:01 娑.
LOG 12-07-28 14:04:51 娑.
LOG 12-07-28 14:05:11 娑.
LOG 12-07-28 14:06:01 娑.
LOG 12-07-28 14:06:51 娑.
LOG 12-07-28 14:06:58 娑.
LOG 12-07-28 14:07:48 娑.
LOG 12-07-28 14:08:38 娑.
LOG 12-07-28 14:09:28 娑.
LOG 12-07-28 14:10:18 娑.
LOG 12-07-28 14:11:08 娑.
LOG 12-07-28 14:11:58 娑.
LOG 12-07-28 14:12:49 娑.
LOG 12-07-28 14:13:39 娑.
LOG 12-07-28 14:13:39 娑.
LOG 12-07-28 14:14:29 娑.
LOG 12-07-28 14:14:51 哄ㄥ锛x
LOG 12-07-28 14:14:51 濮.
LOG 12-07-28 14:14:51 婚妫.
LOG 12-07-28 14:14:51 涓瑕楠璇
LOG 12-07-28 14:14:51 澶婚.
LOG 12-07-28 14:14:52 寮濮婚.
LOG 12-07-28 14:14:52 婚.
LOG 12-07-28 14:14:52 峰濂藉淇℃.
LOG 12-07-28 14:14:52 峰濂藉琛.
LOG 12-07-28 14:14:53 峰缁淇℃.
LOG 12-07-28 14:14:53 峰ㄧ嚎濂藉.
LOG 12-07-28 14:14:53 getDiscuzListNew
LOG 12-07-28 14:14:53 getMessageTip
LOG 12-07-28 14:14:53 娑.
LOG 12-07-28 14:14:57 娑.
LOG 12-07-28 14:15:25 哄ㄥ锛x
LOG 12-07-28 14:15:25 濮.
LOG 12-07-28 14:15:25 婚妫.
LOG 12-07-28 14:15:25 涓瑕楠璇
LOG 12-07-28 14:15:25 澶婚.
LOG 12-07-28 14:15:25 寮濮婚.
LOG 12-07-28 14:15:26 婚.
LOG 12-07-28 14:15:26 峰濂藉淇℃.
LOG 12-07-28 14:15:26 峰濂藉琛.
LOG 12-07-28 14:15:27 峰缁淇℃.
LOG 12-07-28 14:15:27 峰ㄧ嚎濂藉.
LOG 12-07-28 14:15:27 getDiscuzListNew
LOG 12-07-28 14:16:15 哄ㄥ锛x
LOG 12-07-28 14:16:15 濮.
LOG 12-07-28 14:16:15 婚妫.
LOG 12-07-28 14:16:15 涓瑕楠璇
LOG 12-07-28 14:16:15 澶婚.
LOG 12-07-28 14:16:16 寮濮婚.
LOG 12-07-28 14:16:16 婚.
LOG 12-07-28 14:16:16 峰濂藉淇℃.
LOG 12-07-28 14:16:16 峰濂藉琛.
LOG 12-07-28 14:16:17 峰缁淇℃.
LOG 12-07-28 14:16:17 峰ㄧ嚎濂藉.
LOG 12-07-28 14:16:17 getDiscuzListNew
LOG 12-07-28 14:17:16 哄ㄥ锛x
LOG 12-07-28 14:17:16 濮.
LOG 12-07-28 14:17:17 婚妫.
LOG 12-07-28 14:17:17 涓瑕楠璇
LOG 12-07-28 14:17:17 澶婚.
LOG 12-07-28 14:17:17 寮濮婚.
LOG 12-07-28 14:17:18 婚.
LOG 12-07-28 14:17:18 峰濂藉淇℃.
LOG 12-07-28 14:17:18 峰濂藉琛.
LOG 12-07-28 14:17:18 峰缁淇℃.
LOG 12-07-28 14:17:19 峰ㄧ嚎濂藉.
LOG 12-07-28 14:17:19 getDiscuzListNew
LOG 12-07-28 14:17:19 getMessageTip
LOG 12-07-28 14:17:19 娑.
LOG 12-07-28 14:18:09 娑.
LOG 12-07-28 14:19:02 哄ㄥ锛x
LOG 12-07-28 14:19:02 濮.
LOG 12-07-28 14:19:02 婚妫.
LOG 12-07-28 14:19:02 涓瑕楠璇
LOG 12-07-28 14:19:02 澶婚.
LOG 12-07-28 14:19:03 寮濮婚.
LOG 12-07-28 14:19:03 婚.
LOG 12-07-28 14:19:03 峰濂藉淇℃.
LOG 12-07-28 14:19:03 峰濂藉琛.
LOG 12-07-28 14:19:04 峰缁淇℃.
LOG 12-07-28 14:19:04 峰ㄧ嚎濂藉.
LOG 12-07-28 14:19:04 getDiscuzListNew
LOG 12-07-28 14:19:53 哄ㄥ锛x
LOG 12-07-28 14:19:53 濮.
LOG 12-07-28 14:19:53 婚妫.
LOG 12-07-28 14:19:54 涓瑕楠璇
LOG 12-07-28 14:19:54 澶婚.
LOG 12-07-28 14:19:54 寮濮婚.
LOG 12-07-28 14:19:54 婚.
LOG 12-07-28 14:19:54 峰濂藉淇℃.
LOG 12-07-28 14:19:55 峰濂藉琛.
LOG 12-07-28 14:19:55 峰缁淇℃.
LOG 12-07-28 14:19:55 峰ㄧ嚎濂藉.
LOG 12-07-28 14:19:56 getDiscuzListNew
LOG 12-07-28 14:19:56 getMessageTip
LOG 12-07-28 14:19:56 娑.
LOG 12-07-28 14:20:46 娑.
LOG 12-07-28 14:21:36 娑.
LOG 12-07-28 14:22:26 娑.
LOG 12-07-28 14:23:16 娑.
LOG 12-07-28 20:38:30 机器名是：
LOG 12-07-28 20:38:30 初始化.
LOG 12-07-28 20:38:30 登陆检查.
LOG 12-07-28 20:38:30 需要验证码
LOG 12-07-28 20:38:30 准备登陆.
LOG 12-07-28 20:38:36 开始登陆.
LOG 12-07-28 20:40:04 机器名是：ee
LOG 12-07-28 20:40:04 初始化.
LOG 12-07-28 20:40:04 登陆检查.
LOG 12-07-28 20:40:04 不需要验证码
LOG 12-07-28 20:40:04 准备登陆.
LOG 12-07-28 20:40:05 开始登陆.
LOG 12-07-28 20:40:05 登陆成功.
LOG 12-07-28 20:40:05 获取好友信息.
LOG 12-07-28 20:40:05 获取好友列表.
LOG 12-07-28 20:40:05 获取分组信息.
LOG 12-07-28 20:40:06 获取在线好友.
LOG 12-07-28 20:40:06 getDiscuzListNew
LOG 12-07-28 20:41:21 机器名是：ee
LOG 12-07-28 20:41:21 初始化.
LOG 12-07-28 20:41:21 登陆检查.
LOG 12-07-28 20:41:21 不需要验证码
LOG 12-07-28 20:41:21 准备登陆.
LOG 12-07-28 20:41:22 开始登陆.
LOG 12-07-28 20:41:22 登陆成功.
LOG 12-07-28 20:41:22 获取好友信息.
LOG 12-07-28 20:41:22 获取好友列表.
LOG 12-07-28 20:41:23 获取分组信息.
LOG 12-07-28 20:41:23 获取在线好友.
LOG 12-07-28 20:41:23 getDiscuzListNew
LOG 12-07-28 20:41:23 getMessageTip
LOG 12-07-28 20:41:23 拉取消息.
LOG 12-07-28 20:41:23 getGroupInfoExt
LOG 12-07-28 20:44:09 机器名是：ee
LOG 12-07-28 20:44:09 初始化.
LOG 12-07-28 20:44:09 登陆检查.
LOG 12-07-28 20:44:09 不需要验证码
LOG 12-07-28 20:44:09 准备登陆.
LOG 12-07-28 20:44:09 开始登陆.
LOG 12-07-28 20:44:10 登陆成功.
LOG 12-07-28 20:44:10 获取好友信息.
LOG 12-07-28 20:44:10 获取好友列表.
LOG 12-07-28 20:44:10 获取分组信息.
LOG 12-07-28 20:44:11 获取在线好友.
LOG 12-07-28 20:44:11 getDiscuzListNew
LOG 12-07-28 20:44:52 机器名是：ee
LOG 12-07-28 20:44:52 初始化.
LOG 12-07-28 20:44:52 登陆检查.
LOG 12-07-28 20:44:53 不需要验证码
LOG 12-07-28 20:44:53 准备登陆.
LOG 12-07-28 20:44:53 开始登陆.
LOG 12-07-28 20:44:53 登陆成功.
LOG 12-07-28 20:44:53 获取好友信息.
LOG 12-07-28 20:44:53 获取好友列表.
LOG 12-07-28 20:44:53 获取分组信息.
LOG 12-07-28 20:44:54 获取在线好友.
LOG 12-07-28 20:44:54 getDiscuzListNew
LOG 12-07-28 20:49:33 机器名是：ee
LOG 12-07-28 20:49:33 初始化.
LOG 12-07-28 20:49:33 登陆检查.
LOG 12-07-28 20:49:34 不需要验证码
LOG 12-07-28 20:49:34 准备登陆.
LOG 12-07-28 20:49:34 开始登陆.
LOG 12-07-28 20:49:34 登陆成功.
LOG 12-07-28 20:49:34 获取好友信息.
LOG 12-07-28 20:49:34 获取好友列表.
LOG 12-07-28 20:49:35 获取分组信息.
LOG 12-07-28 20:49:35 获取在线好友.
LOG 12-07-28 20:49:35 getDiscuzListNew
LOG 12-07-28 20:49:36 getMessageTip
LOG 12-07-28 20:49:36 拉取消息.
LOG 12-07-28 20:49:40 拉取消息.
LOG 12-07-28 20:50:07 机器名是：ee
LOG 12-07-28 20:50:07 初始化.
LOG 12-07-28 20:50:07 登陆检查.
LOG 12-07-28 20:50:07 不需要验证码
LOG 12-07-28 20:50:07 准备登陆.
LOG 12-07-28 20:50:08 开始登陆.
LOG 12-07-28 20:50:08 登陆成功.
LOG 12-07-28 20:50:08 获取好友信息.
LOG 12-07-28 20:50:08 获取好友列表.
LOG 12-07-28 20:50:08 获取分组信息.
LOG 12-07-28 20:50:09 获取在线好友.
LOG 12-07-28 20:50:09 getDiscuzListNew
LOG 12-07-28 20:50:09 getMessageTip
LOG 12-07-28 20:50:09 拉取消息.
LOG 12-07-28 20:50:10 拉取消息.
LOG 12-07-28 20:50:30 机器名是：ee
LOG 12-07-28 20:50:30 初始化.
LOG 12-07-28 20:50:30 登陆检查.
LOG 12-07-28 20:50:30 不需要验证码
LOG 12-07-28 20:50:30 准备登陆.
LOG 12-07-28 20:50:31 开始登陆.
LOG 12-07-28 20:50:41 登陆成功.
LOG 12-07-28 20:50:41 获取好友信息.
LOG 12-07-28 20:50:41 获取好友列表.
LOG 12-07-28 21:02:02 机器名是：ee
LOG 12-07-28 21:02:02 初始化.
LOG 12-07-28 21:02:02 登陆检查.
LOG 12-07-28 21:02:02 不需要验证码
LOG 12-07-28 21:02:02 准备登陆.
LOG 12-07-28 21:02:02 开始登陆.
LOG 12-07-28 21:02:03 登陆成功.
LOG 12-07-28 21:02:03 获取好友信息.
LOG 12-07-28 21:02:03 获取好友列表.
LOG 12-07-28 21:02:03 获取分组信息.
LOG 12-07-28 21:02:04 获取在线好友.
LOG 12-07-28 21:02:04 getDiscuzListNew
LOG 12-07-28 21:02:04 getMessageTip
LOG 12-07-28 21:02:04 拉取消息.
LOG 12-07-28 21:02:23 拉取消息.
LOG 12-07-28 21:02:34 机器名是：ee
LOG 12-07-28 21:02:34 初始化.
LOG 12-07-28 21:02:34 登陆检查.
LOG 12-07-28 21:02:34 不需要验证码
LOG 12-07-28 21:02:34 准备登陆.
LOG 12-07-28 21:02:34 开始登陆.
LOG 12-07-28 21:02:34 登陆成功.
LOG 12-07-28 21:02:34 获取好友信息.
LOG 12-07-28 21:02:35 获取好友列表.
LOG 12-07-28 21:02:35 获取分组信息.
LOG 12-07-28 21:02:35 获取在线好友.
LOG 12-07-28 21:02:35 getDiscuzListNew
LOG 12-07-28 21:02:36 getMessageTip
LOG 12-07-28 21:02:36 拉取消息.
LOG 12-07-28 21:02:36 拉取消息.
LOG 12-07-28 21:03:44 机器名是：ee
LOG 12-07-28 21:03:44 初始化.
LOG 12-07-28 21:03:44 登陆检查.
LOG 12-07-28 21:03:45 不需要验证码
LOG 12-07-28 21:03:45 准备登陆.
LOG 12-07-28 21:03:45 开始登陆.
LOG 12-07-28 21:03:45 登陆成功.
LOG 12-07-28 21:03:45 获取好友信息.
LOG 12-07-28 21:03:45 获取好友列表.
LOG 12-07-28 21:03:46 获取分组信息.
LOG 12-07-28 21:03:46 获取在线好友.
LOG 12-07-28 21:03:46 getDiscuzListNew
LOG 12-07-28 21:04:40 机器名是：ee
LOG 12-07-28 21:04:40 初始化.
LOG 12-07-28 21:04:40 登陆检查.
LOG 12-07-28 21:04:40 不需要验证码
LOG 12-07-28 21:04:40 准备登陆.
LOG 12-07-28 21:04:41 开始登陆.
LOG 12-07-28 21:04:41 登陆成功.
LOG 12-07-28 21:04:41 获取好友信息.
LOG 12-07-28 21:04:41 获取好友列表.
LOG 12-07-28 21:04:42 获取分组信息.
LOG 12-07-28 21:04:42 获取在线好友.
LOG 12-07-28 21:04:42 getDiscuzListNew
LOG 12-07-28 21:05:06 机器名是：ee
LOG 12-07-28 21:05:06 初始化.
LOG 12-07-28 21:05:06 登陆检查.
LOG 12-07-28 21:05:06 不需要验证码
LOG 12-07-28 21:05:06 准备登陆.
LOG 12-07-28 21:05:06 开始登陆.
LOG 12-07-28 21:05:06 登陆成功.
LOG 12-07-28 21:05:06 获取好友信息.
LOG 12-07-28 21:05:06 获取好友列表.
LOG 12-07-28 21:05:07 获取分组信息.
LOG 12-07-28 21:05:07 获取在线好友.
LOG 12-07-28 21:05:07 getDiscuzListNew
LOG 12-07-28 21:05:17 机器名是：ee
LOG 12-07-28 21:05:17 初始化.
LOG 12-07-28 21:05:17 登陆检查.
LOG 12-07-28 21:05:17 不需要验证码
LOG 12-07-28 21:05:17 准备登陆.
LOG 12-07-28 21:05:17 开始登陆.
LOG 12-07-28 21:05:18 登陆成功.
LOG 12-07-28 21:05:18 获取好友信息.
LOG 12-07-28 21:05:18 获取好友列表.
LOG 12-07-28 21:05:18 获取分组信息.
LOG 12-07-28 21:05:18 获取在线好友.
LOG 12-07-28 21:05:19 getDiscuzListNew
LOG 12-07-28 21:05:19 getMessageTip
LOG 12-07-28 21:05:19 拉取消息.
LOG 12-07-28 21:05:45 getGroupInfoExt
LOG 12-07-28 21:06:27 机器名是：ee
LOG 12-07-28 21:06:27 初始化.
LOG 12-07-28 21:06:27 登陆检查.
LOG 12-07-28 21:06:27 不需要验证码
LOG 12-07-28 21:06:27 准备登陆.
LOG 12-07-28 21:06:27 开始登陆.
LOG 12-07-28 21:06:28 登陆成功.
LOG 12-07-28 21:06:28 获取好友信息.
LOG 12-07-28 21:06:28 获取好友列表.
LOG 12-07-28 21:06:28 获取分组信息.
LOG 12-07-28 21:06:29 获取在线好友.
LOG 12-07-28 21:06:29 getDiscuzListNew
LOG 12-07-28 21:05:46 拉取消息.
LOG 12-07-28 21:06:36 拉取消息.
LOG 12-07-28 21:06:40 拉取消息.
LOG 12-07-28 21:10:21 机器名是：ee
LOG 12-07-28 21:10:21 初始化.
LOG 12-07-28 21:10:21 登陆检查.
LOG 12-07-28 21:10:22 不需要验证码
LOG 12-07-28 21:10:22 准备登陆.
LOG 12-07-28 21:10:22 开始登陆.
LOG 12-07-28 21:10:22 登陆成功.
LOG 12-07-28 21:10:22 获取好友信息.
LOG 12-07-28 21:10:22 获取好友列表.
LOG 12-07-28 21:10:23 获取分组信息.
LOG 12-07-28 21:10:23 获取在线好友.
LOG 12-07-28 21:10:23 getDiscuzListNew
LOG 12-07-28 21:10:23 getMessageTip
LOG 12-07-28 21:10:24 拉取消息.
LOG 12-07-28 21:10:24 getGroupInfoExt
LOG 12-07-28 21:10:24 拉取消息.
LOG 12-07-28 21:10:28 拉取消息.
LOG 12-07-28 21:10:29 拉取消息.
LOG 12-07-28 21:11:31 机器名是：ee
LOG 12-07-28 21:11:31 初始化.
LOG 12-07-28 21:11:31 登陆检查.
LOG 12-07-28 21:11:32 不需要验证码
LOG 12-07-28 21:11:32 准备登陆.
LOG 12-07-28 21:11:32 开始登陆.
LOG 12-07-28 21:11:32 登陆成功.
LOG 12-07-28 21:11:32 获取好友信息.
LOG 12-07-28 21:11:32 获取好友列表.
LOG 12-07-28 21:11:33 获取分组信息.
LOG 12-07-28 21:11:33 获取在线好友.
LOG 12-07-28 21:11:33 getDiscuzListNew
LOG 12-07-28 21:11:34 getMessageTip
LOG 12-07-28 21:11:34 拉取消息.
LOG 12-07-28 21:11:34 getGroupInfoExt
LOG 12-07-28 21:25:55 机器名是：ee
LOG 12-07-28 21:25:55 初始化.
LOG 12-07-28 21:25:55 登陆检查.
LOG 12-07-28 21:25:55 不需要验证码
LOG 12-07-28 21:25:55 准备登陆.
LOG 12-07-28 21:25:56 开始登陆.
LOG 12-07-28 21:25:56 登陆成功.
LOG 12-07-28 21:25:56 获取好友信息.
LOG 12-07-28 21:25:56 获取好友列表.
LOG 12-07-28 21:25:57 获取分组信息.
LOG 12-07-28 21:25:57 获取在线好友.
LOG 12-07-28 21:25:57 getDiscuzListNew
LOG 12-07-28 21:25:57 getMessageTip
LOG 12-07-28 21:25:57 拉取消息.
LOG 12-07-28 21:26:48 拉取消息.
LOG 12-07-28 21:26:48 getGroupInfoExt
LOG 12-07-28 21:26:49 拉取消息.
LOG 12-07-28 21:26:57 拉取消息.
