WARN 12-06-22 22:13:50 Fun loginReslultProcess no match found.
WARN 12-06-22 22:13:50 Fun getContentByRegex no match found.
DEBUG 12-06-22 22:13:50 Index: 2, Size: 2
WARN 12-07-28 10:11:23 Fun getContentByRegex no match found.
WARN 12-07-28 10:11:49 Fun getContentByRegex no match found.
WARN 12-07-28 10:11:49 Fun getContentByRegex no match found.
WARN 12-07-28 10:19:49 Fun getContentByRegex no match found.
FATAL 12-07-28 10:19:55 null
WARN 12-07-28 10:19:55 Fun CheckVerify no match found.
WARN 12-07-28 10:20:06 Fun getContentByRegex no match found.
DEBUG 12-07-28 10:20:12 null
FATAL 12-07-28 10:20:12 null
DEBUG 12-07-28 10:22:59 verifycode=!DM4 p=E28D3C034CE54C8113C66A02A2184FA2
WARN 12-07-28 10:23:02 Fun getContentByRegex no match found.
FATAL 12-07-28 10:23:27 null
DEBUG 12-07-28 10:26:13 verifycode=!IT5 p=4AEA27001B30B741457B494AA17B74CC
WARN 12-07-28 10:26:13 Fun getContentByRegex no match found.
FATAL 12-07-28 10:27:06 null
DEBUG 12-07-28 10:27:38 verifycode=!PSY p=AB9AA127672692CAC3956B97AA01D083
WARN 12-07-28 10:27:38 Fun getContentByRegex no match found.
FATAL 12-07-28 10:28:34 null
DEBUG 12-07-28 10:29:43 verifycode=!OU0 p=F163A0127BDF86CCBFDFBEC8A7F4C06A
WARN 12-07-28 10:29:43 Fun getContentByRegex no match found.
FATAL 12-07-28 10:31:27 null
DEBUG 12-07-28 10:32:17 verifycode=!HYW p=D27D79B80C7BE47B512DBF0C7848D210
WARN 12-07-28 10:32:17 Fun getContentByRegex no match found.
FATAL 12-07-28 10:32:21 null
DEBUG 12-07-28 10:39:41 verifycode=!FAM p=EBCAAF817A42EA17426F3552E2006B6F
WARN 12-07-28 10:39:41 Fun getContentByRegex no match found.
FATAL 12-07-28 10:40:36 初始化异常.null
DEBUG 12-07-28 10:43:24 verifycode=!LE7 p=B630577750B715464099CA06AE4F827C
WARN 12-07-28 10:43:24 内容匹配失败.
FATAL 12-07-28 10:43:28 线程异常.null
DEBUG 12-07-28 10:44:45 verifycode=!9VX p=D0D4D114EB3CD52997EFAB3413077264
WARN 12-07-28 10:44:45 内容匹配失败.
FATAL 12-07-28 10:45:50 线程异常.null
DEBUG 12-07-28 10:48:35 verifycode=!6O4 p=D089D59977884D21CCCDF150FBD1CC69
WARN 12-07-28 10:48:35 内容匹配失败.
FATAL 12-07-28 10:49:03 线程异常.null
DEBUG 12-07-28 10:50:13 verifycode=!ZXX p=CF53ED18FC27890C051FC1BED1C1BE08
WARN 12-07-28 10:50:13 内容匹配失败.
DEBUG 12-07-28 10:50:20 获取好友列表异常.null
DEBUG 12-07-28 10:53:09 verifycode=!KS1 p=1B68B82AF9FF7C4D483303FEBEBC15E6
WARN 12-07-28 10:53:09 内容匹配失败.
DEBUG 12-07-28 10:53:11 获取好友列表异常.null
DEBUG 12-07-28 10:53:22 消息解析异常.null
DEBUG 12-07-28 10:55:32 消息解析异常.null
DEBUG 12-07-28 10:57:08 消息解析异常.null
DEBUG 12-07-28 11:03:10 消息解析异常.null
DEBUG 12-07-28 11:04:01 消息解析异常.null
DEBUG 12-07-28 11:06:25 消息解析异常.null
DEBUG 12-07-28 11:06:31 消息解析异常.null
DEBUG 12-07-28 11:06:32 消息解析异常.null
DEBUG 12-07-28 11:07:57 消息解析异常.null
DEBUG 12-07-28 11:10:13 verifycode=!YJG p=8AE05FE23EBD1453FF303F6DA397F6F7
WARN 12-07-28 11:10:13 内容匹配失败.
DEBUG 12-07-28 11:10:57 获取好友列表异常.null
DEBUG 12-07-28 11:11:07 verifycode=!R3T p=1FBE21B9ED7537A4C4156D15E3C0163B
WARN 12-07-28 11:11:07 内容匹配失败.
DEBUG 12-07-28 11:11:11 获取好友列表异常.null
WARN 12-07-28 11:11:12 Fun CheckVerify no match found.
DEBUG 12-07-28 11:11:12 消息解析异常.null
DEBUG 12-07-28 11:11:12 verifycode=!R3T p=CC5CCB3F0DB2907C53642AE65C9F1405
DEBUG 12-07-28 11:11:12 登陆异常.null
DEBUG 12-07-28 11:11:12 消息解析JSON异常.A JSONArray text must start with '[' at 1 [character 2 line 1]
DEBUG 12-07-28 11:11:13 消息解析异常.null
DEBUG 12-07-28 11:11:13 消息解析异常.null
DEBUG 12-07-28 11:11:47 获取好友列表异常.null
DEBUG 12-07-28 11:11:50 消息解析异常.null
DEBUG 12-07-28 11:11:57 消息解析异常.null
DEBUG 12-07-28 11:12:48 消息解析异常.null
DEBUG 12-07-28 11:13:00 消息解析异常.null
DEBUG 12-07-28 11:23:50 verifycode=!WI1 p=09FCD0C7FF7588780FC78D67B1DC9728
WARN 12-07-28 11:23:50 内容匹配失败.
DEBUG 12-07-28 11:23:55 获取好友列表异常.null
DEBUG 12-07-28 11:34:49 verifycode=!IGD p=74278A9D60BCCCE64A2EE72C8881C990
WARN 12-07-28 11:34:49 内容匹配失败.
WARN 12-07-28 11:35:40 内容匹配失败.
WARN 12-07-28 11:35:40 内容匹配失败.
WARN 12-07-28 11:35:40 内容匹配失败.
WARN 12-07-28 11:35:40 内容匹配失败.
DEBUG 12-07-28 11:35:40 获取好友列表异常.null
FATAL 12-07-28 11:35:41 初始化异常.null
DEBUG 12-07-28 11:35:41 消息解析异常.null
DEBUG 12-07-28 11:35:41 消息解析异常.null
DEBUG 12-07-28 11:35:42 消息解析异常.null
DEBUG 12-07-28 11:35:42 消息解析异常.null
DEBUG 12-07-28 11:35:42 消息解析异常.null
DEBUG 12-07-28 11:35:42 消息解析异常.null
DEBUG 12-07-28 11:35:43 消息解析异常.null
DEBUG 12-07-28 11:35:43 消息解析异常.null
DEBUG 12-07-28 11:35:43 消息解析异常.null
DEBUG 12-07-28 11:35:44 消息解析异常.null
DEBUG 12-07-28 11:35:44 消息解析异常.null
DEBUG 12-07-28 11:35:44 消息解析异常.null
DEBUG 12-07-28 11:35:44 消息解析异常.null
DEBUG 12-07-28 11:35:44 消息解析异常.null
DEBUG 12-07-28 11:35:45 消息解析异常.null
DEBUG 12-07-28 11:35:45 消息解析异常.null
DEBUG 12-07-28 11:35:45 消息解析异常.null
DEBUG 12-07-28 11:35:46 消息解析异常.null
DEBUG 12-07-28 11:35:46 消息解析异常.null
DEBUG 12-07-28 11:35:46 消息解析异常.null
DEBUG 12-07-28 11:35:46 消息解析异常.null
DEBUG 12-07-28 11:35:46 消息解析异常.null
DEBUG 12-07-28 11:35:47 消息解析异常.null
DEBUG 12-07-28 11:35:47 消息解析异常.null
DEBUG 12-07-28 11:35:47 消息解析异常.null
DEBUG 12-07-28 11:35:47 消息解析异常.null
DEBUG 12-07-28 11:35:47 消息解析异常.null
DEBUG 12-07-28 11:35:48 消息解析异常.null
DEBUG 12-07-28 11:35:48 消息解析异常.null
DEBUG 12-07-28 11:35:48 消息解析异常.null
DEBUG 12-07-28 11:35:49 消息解析异常.null
DEBUG 12-07-28 11:35:49 消息解析异常.null
DEBUG 12-07-28 11:35:49 消息解析异常.null
DEBUG 12-07-28 11:35:49 消息解析异常.null
DEBUG 12-07-28 11:35:50 消息解析异常.null
DEBUG 12-07-28 11:35:50 消息解析异常.null
DEBUG 12-07-28 11:35:50 消息解析异常.null
DEBUG 12-07-28 11:35:51 消息解析异常.null
DEBUG 12-07-28 11:35:51 消息解析异常.null
DEBUG 12-07-28 11:35:51 消息解析异常.null
DEBUG 12-07-28 11:35:51 消息解析异常.null
DEBUG 12-07-28 11:35:52 消息解析异常.null
DEBUG 12-07-28 11:35:52 消息解析异常.null
DEBUG 12-07-28 11:35:52 消息解析异常.null
DEBUG 12-07-28 11:35:53 消息解析异常.null
DEBUG 12-07-28 11:35:53 消息解析异常.null
DEBUG 12-07-28 11:35:53 消息解析异常.null
DEBUG 12-07-28 11:35:53 消息解析异常.null
DEBUG 12-07-28 11:35:53 消息解析异常.null
DEBUG 12-07-28 11:35:54 消息解析异常.null
DEBUG 12-07-28 11:35:54 消息解析异常.null
DEBUG 12-07-28 11:35:54 消息解析异常.null
DEBUG 12-07-28 11:35:54 消息解析异常.null
DEBUG 12-07-28 11:35:54 消息解析异常.null
DEBUG 12-07-28 11:35:55 消息解析异常.null
DEBUG 12-07-28 11:35:55 消息解析异常.null
DEBUG 12-07-28 11:35:55 消息解析异常.null
DEBUG 12-07-28 11:35:56 消息解析异常.null
DEBUG 12-07-28 11:35:56 消息解析异常.null
DEBUG 12-07-28 11:35:56 消息解析异常.null
DEBUG 12-07-28 11:35:57 消息解析异常.null
DEBUG 12-07-28 11:35:57 消息解析异常.null
DEBUG 12-07-28 11:35:57 消息解析异常.null
DEBUG 12-07-28 11:35:57 消息解析异常.null
DEBUG 12-07-28 11:35:57 消息解析异常.null
DEBUG 12-07-28 11:35:57 消息解析异常.null
DEBUG 12-07-28 11:35:57 消息解析异常.null
DEBUG 12-07-28 11:35:58 消息解析异常.null
DEBUG 12-07-28 11:35:58 消息解析异常.null
DEBUG 12-07-28 11:35:58 消息解析异常.null
DEBUG 12-07-28 11:35:58 消息解析异常.null
DEBUG 12-07-28 11:35:59 消息解析异常.null
DEBUG 12-07-28 11:35:59 消息解析异常.null
DEBUG 12-07-28 11:35:59 消息解析异常.null
DEBUG 12-07-28 11:35:59 消息解析异常.null
DEBUG 12-07-28 11:35:59 消息解析异常.null
DEBUG 12-07-28 11:36:00 消息解析异常.null
DEBUG 12-07-28 11:36:00 消息解析异常.null
DEBUG 12-07-28 11:36:00 消息解析异常.null
DEBUG 12-07-28 11:36:00 消息解析异常.null
DEBUG 12-07-28 11:36:00 消息解析异常.null
DEBUG 12-07-28 11:36:01 消息解析异常.null
DEBUG 12-07-28 11:36:01 消息解析异常.null
DEBUG 12-07-28 11:36:01 消息解析异常.null
DEBUG 12-07-28 11:36:01 消息解析异常.null
DEBUG 12-07-28 11:36:01 消息解析异常.null
DEBUG 12-07-28 11:36:01 消息解析异常.null
DEBUG 12-07-28 11:36:02 消息解析异常.null
DEBUG 12-07-28 11:36:09 verifycode=!T7B p=BC1F88C9856898485C7E92086D4CC613
WARN 12-07-28 11:36:10 内容匹配失败.
DEBUG 12-07-28 11:36:10 获取好友列表异常.null
DEBUG 12-07-28 11:36:46 verifycode=!630 p=BA6339A24319003EBED2628EF5C440CF
WARN 12-07-28 11:36:46 内容匹配失败.
DEBUG 12-07-28 11:36:47 获取好友列表异常.null
DEBUG 12-07-28 11:38:13 verifycode=!W8G p=1576D30B0FC1A8DD3D222C4CFD853573
WARN 12-07-28 11:38:13 skey=(.*?);	*内容匹配失败.
DEBUG 12-07-28 11:38:14 获取好友列表异常.null
DEBUG 12-07-28 11:38:55 verifycode=!VCN p=418FF745B36BF4282F04BE3B8DA3416D
WARN 12-07-28 11:38:55 skey=(.*?);	*内容匹配失败.clientuin=; EXPIRES=Fri, 02-Jan-1970 00:00:00 GMT; PATH=/; DOMAIN=qq.com;
DEBUG 12-07-28 11:38:56 获取好友列表异常.null
DEBUG 12-07-28 11:40:00 verifycode=!RFJ p=DFB91344F1C83C9DA0786947C7AEB06A
WARN 12-07-28 11:40:01 内容匹配失败.skey=(.*?);	* clientuin=; EXPIRES=Fri, 02-Jan-1970 00:00:00 GMT; PATH=/; DOMAIN=qq.com;
DEBUG 12-07-28 11:40:01 获取好友列表异常.null
DEBUG 12-07-28 11:49:09 verifycode=!05B p=8BD189EEF318087EC36AB40519D25D57
WARN 12-07-28 11:49:10 内容匹配失败.skey=(.*?);	* clientuin=; EXPIRES=Fri, 02-Jan-1970 00:00:00 GMT; PATH=/; DOMAIN=qq.com;
DEBUG 12-07-28 11:49:11 获取好友列表异常.null
DEBUG 12-07-28 11:50:00 verifycode=!EZV p=A6A6BFE2DD2B0B6C1F886E5F298B7988
WARN 12-07-28 11:50:00 内容匹配失败.skey=(.*?);	* clientuin=; EXPIRES=Fri, 02-Jan-1970 00:00:00 GMT; PATH=/; DOMAIN=qq.com;
DEBUG 12-07-28 11:50:01 获取好友列表异常.null
DEBUG 12-07-28 11:51:32 verifycode=!FNB p=9441D0643978CA8DF7C29F86C3CC183F
WARN 12-07-28 11:51:32 内容匹配失败.skey=(.*?);	* clientuin=; EXPIRES=Fri, 02-Jan-1970 00:00:00 GMT; PATH=/; DOMAIN=qq.com;
DEBUG 12-07-28 11:51:33 获取好友列表异常.null
DEBUG 12-07-28 11:53:30 verifycode=!UYP p=D0FAFAE52E70680CE07C76F3FC53314C
DEBUG 12-07-28 11:53:31 获取好友列表异常.null
DEBUG 12-07-28 11:53:38 消息解析异常.null
DEBUG 12-07-28 11:53:44 消息解析异常.null
DEBUG 12-07-28 11:53:55 消息解析异常.null
DEBUG 12-07-28 11:54:08 消息解析异常.null
DEBUG 12-07-28 12:04:11 verifycode=!P7D p=77B6646F75A433E10EEC305C2A8D19E6
DEBUG 12-07-28 12:04:12 获取好友列表异常.null
DEBUG 12-07-28 12:04:22 消息解析异常.null
DEBUG 12-07-28 12:05:04 verifycode=!5Y7 p=1719A3AB36BF17F5E04FCE9790AB00BF
DEBUG 12-07-28 12:05:05 获取好友列表异常.null
DEBUG 12-07-28 12:06:35 消息解析异常.null
DEBUG 12-07-28 12:05:51 verifycode=!OW3 p=3D706895F2C4889ADDBC0E86896283B8
DEBUG 12-07-28 12:05:51 获取好友列表异常.null
DEBUG 12-07-28 12:07:00 消息解析异常.null
DEBUG 12-07-28 12:07:05 verifycode=!06N p=888F49791ADCC308BE7F6EF7AC633360
DEBUG 12-07-28 12:07:06 获取好友列表异常.null
DEBUG 12-07-28 12:07:17 消息解析异常.null
DEBUG 12-07-28 12:08:07 消息解析异常.null
DEBUG 12-07-28 12:09:17 消息解析异常.null
DEBUG 12-07-28 12:09:19 消息解析异常.null
DEBUG 12-07-28 12:09:16 verifycode=!R5A p=8586ADBDAD43A9E39F7568720BF5BBA3
DEBUG 12-07-28 12:09:18 获取好友列表异常.null
DEBUG 12-07-28 12:09:19 消息解析异常.null
DEBUG 12-07-28 12:09:19 消息解析异常.null
DEBUG 12-07-28 12:09:19 消息解析异常.null
DEBUG 12-07-28 12:09:20 消息解析异常.null
DEBUG 12-07-28 12:09:19 消息解析异常.null
DEBUG 12-07-28 12:09:20 消息解析异常.null
DEBUG 12-07-28 12:09:20 消息解析异常.null
DEBUG 12-07-28 12:09:20 消息解析异常.null
DEBUG 12-07-28 12:09:21 消息解析异常.null
DEBUG 12-07-28 12:09:21 消息解析异常.null
DEBUG 12-07-28 12:09:21 消息解析异常.null
DEBUG 12-07-28 12:09:22 消息解析异常.null
DEBUG 12-07-28 12:09:22 消息解析异常.null
DEBUG 12-07-28 12:09:46 verifycode=!JJB p=2C19293E5076AC45D8C89C785E024487
DEBUG 12-07-28 12:09:47 获取好友列表异常.null
DEBUG 12-07-28 12:09:58 消息解析异常.null
DEBUG 12-07-28 12:33:15 verifycode=!XHD p=6824FAD32B36B6136453BDC6F4C741A8
DEBUG 12-07-28 12:33:16 获取好友列表异常.null
DEBUG 12-07-28 12:34:07 消息解析异常.null
DEBUG 12-07-28 12:34:58 消息解析异常.null
DEBUG 12-07-28 12:35:49 消息解析异常.null
DEBUG 12-07-28 12:36:39 消息解析异常.null
DEBUG 12-07-28 12:37:30 消息解析异常.null
DEBUG 12-07-28 12:38:20 消息解析异常.null
DEBUG 12-07-28 12:39:11 消息解析异常.null
DEBUG 12-07-28 12:40:01 消息解析异常.null
DEBUG 12-07-28 12:40:52 消息解析异常.null
DEBUG 12-07-28 12:41:43 消息解析异常.null
DEBUG 12-07-28 12:41:56 verifycode=!92B p=6C4382D6F487DA04AF25D964A6E95EE1
DEBUG 12-07-28 12:41:57 获取好友列表异常.null
DEBUG 12-07-28 12:43:18 消息解析异常.null
DEBUG 12-07-28 12:43:25 verifycode=!LWO p=A1B844F9343312E098013262BAF3CDE4
DEBUG 12-07-28 12:43:26 获取好友列表异常.null
DEBUG 12-07-28 12:44:17 消息解析异常.null
DEBUG 12-07-28 12:44:18 消息解析异常.null
DEBUG 12-07-28 12:45:08 消息解析异常.null
DEBUG 12-07-28 12:45:22 消息解析异常.null
DEBUG 12-07-28 12:45:23 消息解析异常.null
DEBUG 12-07-28 12:45:23 消息解析异常.null
DEBUG 12-07-28 12:45:24 消息解析异常.null
DEBUG 12-07-28 12:45:24 消息解析异常.null
DEBUG 12-07-28 12:45:24 消息解析异常.null
DEBUG 12-07-28 12:45:25 消息解析异常.null
DEBUG 12-07-28 12:48:43 verifycode=!YTK p=5524B57563A462D6E2A000FD6F2F6941
DEBUG 12-07-28 12:48:44 获取好友列表异常.null
DEBUG 12-07-28 12:49:35 消息解析异常.null
DEBUG 12-07-28 12:49:43 消息解析异常.null
DEBUG 12-07-28 12:50:33 消息解析异常.null
DEBUG 12-07-28 12:51:24 消息解析异常.null
DEBUG 12-07-28 12:52:14 消息解析异常.null
DEBUG 12-07-28 12:53:05 消息解析异常.null
DEBUG 12-07-28 12:53:56 消息解析异常.null
DEBUG 12-07-28 13:21:04 verifycode=!HF2 p=B222E6E14CAD5462E53D375156EBF602
DEBUG 12-07-28 13:21:05 获取好友列表异常.null
DEBUG 12-07-28 13:21:56 消息解析异常.null
DEBUG 12-07-28 13:22:47 消息解析异常.null
DEBUG 12-07-28 13:23:37 消息解析异常.null
DEBUG 12-07-28 13:24:28 消息解析异常.null
DEBUG 12-07-28 13:24:53 verifycode=!IS8 p=161A7DDACAF193E09B7CE32FD7E63A9A
DEBUG 12-07-28 13:24:54 获取好友列表异常.null
DEBUG 12-07-28 13:25:45 消息解析异常.null
DEBUG 12-07-28 13:26:36 消息解析异常.null
DEBUG 12-07-28 13:27:26 消息解析异常.null
DEBUG 12-07-28 13:28:17 消息解析异常.null
DEBUG 12-07-28 13:54:20 verifycode=!JRB p=2F8D72F6FB6B4B3FB895A46A5C1B646E
DEBUG 12-07-28 13:55:12 娑瑙ｆ寮甯.null
DEBUG 12-07-28 13:56:02 娑瑙ｆ寮甯.null
DEBUG 12-07-28 13:56:52 娑瑙ｆ寮甯.null
DEBUG 12-07-28 13:57:42 娑瑙ｆ寮甯.null
DEBUG 12-07-28 13:59:00 娑瑙ｆ寮甯.null
DEBUG 12-07-28 13:59:50 娑瑙ｆ寮甯.null
DEBUG 12-07-28 14:00:40 娑瑙ｆ寮甯.null
DEBUG 12-07-28 14:01:30 娑瑙ｆ寮甯.null
DEBUG 12-07-28 14:02:21 娑瑙ｆ寮甯.null
DEBUG 12-07-28 14:03:11 娑瑙ｆ寮甯.null
DEBUG 12-07-28 14:04:01 娑瑙ｆ寮甯.null
DEBUG 12-07-28 14:04:51 娑瑙ｆ寮甯.null
DEBUG 12-07-28 14:06:01 娑瑙ｆ寮甯.null
DEBUG 12-07-28 14:06:51 娑瑙ｆ寮甯.null
DEBUG 12-07-28 14:07:48 娑瑙ｆ寮甯.null
DEBUG 12-07-28 14:08:38 娑瑙ｆ寮甯.null
DEBUG 12-07-28 14:09:28 娑瑙ｆ寮甯.null
DEBUG 12-07-28 14:10:18 娑瑙ｆ寮甯.null
DEBUG 12-07-28 14:11:08 娑瑙ｆ寮甯.null
DEBUG 12-07-28 14:11:58 娑瑙ｆ寮甯.null
DEBUG 12-07-28 14:12:49 娑瑙ｆ寮甯.null
DEBUG 12-07-28 14:13:39 娑瑙ｆ寮甯.null
DEBUG 12-07-28 14:13:39 娑瑙ｆ寮甯.null
DEBUG 12-07-28 14:19:54 verifycode=!8I7 p=A67BF28B88654BB1FBEA99D8EC815F43
DEBUG 12-07-28 14:20:46 娑瑙ｆ寮甯.null
DEBUG 12-07-28 14:21:36 娑瑙ｆ寮甯.null
DEBUG 12-07-28 20:38:36 verifycode=qq p=CA5AB72E8C8C819FF6760C9ACE73E5CD
DEBUG 12-07-28 20:38:36 登陆异常.null
FATAL 12-07-28 20:38:36 初始化异常.null
DEBUG 12-07-28 20:41:22 verifycode=!MIV p=1B060782DE35E6B20317EA734DD56179
DEBUG 12-07-28 20:41:23 获取好友列表异常.null
DEBUG 12-07-28 20:41:24 消息解析异常.null
DEBUG 12-07-28 20:49:34 verifycode=!WC6 p=7ECF4C5F966C0BF4F8C58454A4EF5CFF
DEBUG 12-07-28 20:49:35 获取好友列表异常.null
DEBUG 12-07-28 20:49:40 消息解析异常.null
DEBUG 12-07-28 20:50:07 verifycode=!KMJ p=847A8343754E8B4B8D3CAB85BCFEFB1E
DEBUG 12-07-28 20:50:08 获取好友列表异常.null
DEBUG 12-07-28 20:50:10 消息解析异常.null
DEBUG 12-07-28 20:50:31 verifycode=!XRW p=E98E4EC7A4C7BA0E8BA1207941A3E28F
WARN 12-07-28 20:50:41 内容匹配失败."psessionid":"(.*?)",* 
WARN 12-07-28 20:50:41 内容匹配失败."vfwebqq":"(.*?)",* 
WARN 12-07-28 20:50:41 内容匹配失败."port":(.*?), 
WARN 12-07-28 20:50:41 内容匹配失败."index":(.*?), 
DEBUG 12-07-28 20:50:42 获取好友列表异常.null
DEBUG 12-07-28 21:02:02 verifycode=!DFO p=6920636120F4EC841D225F0ACE4EFEBC
DEBUG 12-07-28 21:02:03 获取好友列表异常.null
DEBUG 12-07-28 21:02:23 消息解析异常.null
DEBUG 12-07-28 21:05:17 verifycode=!LMV p=AA2BED49F482CEC302E744D3CF97495C
DEBUG 12-07-28 21:05:18 获取好友列表异常.null
DEBUG 12-07-28 21:05:46 消息解析异常.null
DEBUG 12-07-28 21:10:22 verifycode=!SS7 p=A3000AA937682CF55D827CC2CF7EA367
DEBUG 12-07-28 21:10:23 获取好友列表异常.null
DEBUG 12-07-28 21:10:24 消息解析异常.null
DEBUG 12-07-28 21:11:32 verifycode=!0W2 p=3E187149D4358BF301FC29593B847420
DEBUG 12-07-28 21:11:33 获取好友列表异常.null
DEBUG 12-07-28 21:11:34 消息解析异常.null
DEBUG 12-07-28 21:25:56 verifycode=!JOC p=4160180D1F615A495193B73A97802AED
DEBUG 12-07-28 21:25:57 获取好友列表异常.null
DEBUG 12-07-28 21:26:48 消息解析异常.null
